Using pre-set license
Built from '2021.3/staging' branch; Version is '2021.3.9f1 (ad3870b89536) revision 11352176'; Using compiler version '192829333'; Build Type 'Release'
OS: 'Windows 10  (10.0.19044) 64bit Enterprise' Language: 'ko' Physical Memory: 16315 MB
BatchMode: 1, IsHumanControllingUs: 0, StartBugReporterOnCrash: 0, Is64bit: 1, IsPro: 1

COMMAND LINE ARGUMENTS:
C:\Program Files\Unity\Hub\Editor\2021.3.9f1\Editor\Unity.exe
-adb2
-batchMode
-noUpm
-name
AssetImportWorker8
-projectPath
C:/Users/multicampus/Desktop/SDC/S07P31B306/Unity/SDC_Unity
-logFile
Logs/AssetImportWorker8.log
-srvPort
63923
Successfully changed project path to: C:/Users/multicampus/Desktop/SDC/S07P31B306/Unity/SDC_Unity
C:/Users/multicampus/Desktop/SDC/S07P31B306/Unity/SDC_Unity
[UnityMemory] Configuration Parameters - Can be set up in boot.config
    "memorysetup-bucket-allocator-granularity=16"
    "memorysetup-bucket-allocator-bucket-count=8"
    "memorysetup-bucket-allocator-block-size=33554432"
    "memorysetup-bucket-allocator-block-count=8"
    "memorysetup-main-allocator-block-size=16777216"
    "memorysetup-thread-allocator-block-size=16777216"
    "memorysetup-gfx-main-allocator-block-size=16777216"
    "memorysetup-gfx-thread-allocator-block-size=16777216"
    "memorysetup-cache-allocator-block-size=4194304"
    "memorysetup-typetree-allocator-block-size=2097152"
    "memorysetup-profiler-bucket-allocator-granularity=16"
    "memorysetup-profiler-bucket-allocator-bucket-count=8"
    "memorysetup-profiler-bucket-allocator-block-size=33554432"
    "memorysetup-profiler-bucket-allocator-block-count=8"
    "memorysetup-profiler-allocator-block-size=16777216"
    "memorysetup-profiler-editor-allocator-block-size=1048576"
    "memorysetup-temp-allocator-size-main=16777216"
    "memorysetup-job-temp-allocator-block-size=2097152"
    "memorysetup-job-temp-allocator-block-size-background=1048576"
    "memorysetup-job-temp-allocator-reduction-small-platforms=262144"
    "memorysetup-temp-allocator-size-background-worker=32768"
    "memorysetup-temp-allocator-size-job-worker=262144"
    "memorysetup-temp-allocator-size-preload-manager=33554432"
    "memorysetup-temp-allocator-size-nav-mesh-worker=65536"
    "memorysetup-temp-allocator-size-audio-worker=65536"
    "memorysetup-temp-allocator-size-cloud-worker=32768"
    "memorysetup-temp-allocator-size-gi-baking-worker=262144"
    "memorysetup-temp-allocator-size-gfx=262144"
Refreshing native plugins compatible for Editor in 89.93 ms, found 3 plugins.
Preloading 0 native plugins for Editor in 0.00 ms.
Initialize engine version: 2021.3.9f1 (ad3870b89536)
[Subsystems] Discovering subsystems at path C:/Program Files/Unity/Hub/Editor/2021.3.9f1/Editor/Data/Resources/UnitySubsystems
[Subsystems] Discovering subsystems at path C:/Users/multicampus/Desktop/SDC/S07P31B306/Unity/SDC_Unity/Assets
GfxDevice: creating device client; threaded=0; jobified=0
Direct3D:
    Version:  Direct3D 11.0 [level 11.1]
    Renderer: NVIDIA GeForce RTX 2060 (ID=0x1f51)
    Vendor:   NVIDIA
    VRAM:     5980 MB
    Driver:   27.21.14.5167
Initialize mono
Mono path[0] = 'C:/Program Files/Unity/Hub/Editor/2021.3.9f1/Editor/Data/Managed'
Mono path[1] = 'C:/Program Files/Unity/Hub/Editor/2021.3.9f1/Editor/Data/MonoBleedingEdge/lib/mono/unityjit-win32'
Mono config path = 'C:/Program Files/Unity/Hub/Editor/2021.3.9f1/Editor/Data/MonoBleedingEdge/etc'
Using monoOptions --debugger-agent=transport=dt_socket,embedding=1,server=y,suspend=n,address=127.0.0.1:56612
Begin MonoManager ReloadAssembly
Registering precompiled unity dll's ...
Register platform support module: C:/Program Files/Unity/Hub/Editor/2021.3.9f1/Editor/Data/PlaybackEngines/WindowsStandaloneSupport/UnityEditor.WindowsStandalone.Extensions.dll
Registered in 0.005326 seconds.
Native extension for WindowsStandalone target not found
Refreshing native plugins compatible for Editor in 86.42 ms, found 3 plugins.
Preloading 0 native plugins for Editor in 0.00 ms.
Mono: successfully reloaded assembly
- Completed reload, in  0.658 seconds
Domain Reload Profiling:
	ReloadAssembly (658ms)
		BeginReloadAssembly (90ms)
			ExecutionOrderSort (0ms)
			DisableScriptedObjects (0ms)
			BackupInstance (0ms)
			ReleaseScriptingObjects (0ms)
			CreateAndSetChildDomain (1ms)
		EndReloadAssembly (467ms)
			LoadAssemblies (89ms)
			RebuildTransferFunctionScriptingTraits (0ms)
			SetupTypeCache (107ms)
			ReleaseScriptCaches (0ms)
			RebuildScriptCaches (28ms)
			SetupLoadedEditorAssemblies (277ms)
				LogAssemblyErrors (0ms)
				InitializePlatformSupportModulesInManaged (9ms)
				SetLoadedEditorAssemblies (0ms)
				RefreshPlugins (86ms)
				BeforeProcessingInitializeOnLoad (1ms)
				ProcessInitializeOnLoadAttributes (130ms)
				ProcessInitializeOnLoadMethodAttributes (50ms)
				AfterProcessingInitializeOnLoad (0ms)
				EditorAssembliesLoaded (0ms)
			ExecutionOrderSort2 (0ms)
			AwakeInstancesAfterBackupRestoration (0ms)
Platform modules already initialized, skipping
Registering precompiled user dll's ...
Registered in 0.005883 seconds.
Begin MonoManager ReloadAssembly
Symbol file LoadedFromMemory doesn't match image C:\Users\multicampus\Desktop\SDC\S07P31B306\Unity\SDC_Unity\Library\PackageCache\com.unity.visualscripting@1.7.8\Editor\VisualScripting.Core\Dependencies\YamlDotNet\Unity.VisualScripting.YamlDotNet.dll
Symbol file LoadedFromMemory doesn't match image C:\Users\multicampus\Desktop\SDC\S07P31B306\Unity\SDC_Unity\Library\PackageCache\com.unity.visualscripting@1.7.8\Editor\VisualScripting.Core\Dependencies\DotNetZip\Unity.VisualScripting.IonicZip.dll
Native extension for WindowsStandalone target not found
Refreshing native plugins compatible for Editor in 0.48 ms, found 3 plugins.
Preloading 0 native plugins for Editor in 0.00 ms.
Mono: successfully reloaded assembly
- Completed reload, in  1.077 seconds
Domain Reload Profiling:
	ReloadAssembly (1077ms)
		BeginReloadAssembly (120ms)
			ExecutionOrderSort (0ms)
			DisableScriptedObjects (5ms)
			BackupInstance (0ms)
			ReleaseScriptingObjects (0ms)
			CreateAndSetChildDomain (18ms)
		EndReloadAssembly (844ms)
			LoadAssemblies (93ms)
			RebuildTransferFunctionScriptingTraits (0ms)
			SetupTypeCache (287ms)
			ReleaseScriptCaches (1ms)
			RebuildScriptCaches (53ms)
			SetupLoadedEditorAssemblies (369ms)
				LogAssemblyErrors (0ms)
				InitializePlatformSupportModulesInManaged (5ms)
				SetLoadedEditorAssemblies (0ms)
				RefreshPlugins (1ms)
				BeforeProcessingInitializeOnLoad (99ms)
				ProcessInitializeOnLoadAttributes (231ms)
				ProcessInitializeOnLoadMethodAttributes (27ms)
				AfterProcessingInitializeOnLoad (6ms)
				EditorAssembliesLoaded (0ms)
			ExecutionOrderSort2 (0ms)
			AwakeInstancesAfterBackupRestoration (8ms)
Platform modules already initialized, skipping
========================================================================
Worker process is ready to serve import requests
Launched and connected shader compiler UnityShaderCompiler.exe after 0.04 seconds
Refreshing native plugins compatible for Editor in 0.97 ms, found 3 plugins.
Preloading 0 native plugins for Editor in 0.00 ms.
Unloading 3382 Unused Serialized files (Serialized files now loaded: 0)
Unloading 25 unused Assets / (55.4 KB). Loaded Objects now: 3845.
Memory consumption went from 116.7 MB to 116.7 MB.
Total: 3.032400 ms (FindLiveObjects: 0.274900 ms CreateObjectMapping: 0.199300 ms MarkObjects: 2.496300 ms  DeleteObjects: 0.060900 ms)

AssetImportParameters requested are different than current active one (requested -> active):
  custom:video-decoder-ogg-theora: a1e56fd34408186e4bbccfd4996cb3dc -> 
  custom:container-muxer-webm: aa71ff27fc2769a1b78a27578f13a17b -> 
  custom:container-demuxer-webm: 4f35f7cbe854078d1ac9338744f61a02 -> 
  custom:video-encoder-webm-vp8: eb34c28f22e8b96e1ab97ce403110664 -> 
  custom:audio-encoder-webm-vorbis: bf7c407c2cedff20999df2af8eb42d56 -> 
  custom:framework-win-MediaFoundation: 216162199b28c13a410421893ffa2e32 -> 
  custom:container-demuxer-ogg: 62fdf1f143b41e24485cea50d1cbac27 -> 
  custom:video-decoder-webm-vp8: 9c59270c3fd7afecdb556c50c9e8de78 -> 
  custom:audio-decoder-ogg-vorbis: bf7c407c2cedff20999df2af8eb42d56 -> 
========================================================================
Received Import Request.
  Time since last request: 1075050.688969 seconds.
  path: Assets/LowPolyOfficeProps_LITE/Prefabs/Chair_Office_Violet.prefab
  artifactKey: Guid(74da286b950020745b667e6d613b1b8e) Importer(815301076,1909f56bfc062723c751e8b465ee728b)
Start importing Assets/LowPolyOfficeProps_LITE/Prefabs/Chair_Office_Violet.prefab using Guid(74da286b950020745b667e6d613b1b8e) Importer(815301076,1909f56bfc062723c751e8b465ee728b)  -> (artifact id: '4a68e31e449c82db274ffa3d7c061549') in 0.130646 seconds 
========================================================================
Received Import Request.
  Time since last request: 2.088297 seconds.
  path: Assets/LowPolyOfficeProps_LITE/Prefabs/FilingCabinetThreeStack_Case.prefab
  artifactKey: Guid(4f34910326e789e4f9b1781fe5d280e8) Importer(815301076,1909f56bfc062723c751e8b465ee728b)
Start importing Assets/LowPolyOfficeProps_LITE/Prefabs/FilingCabinetThreeStack_Case.prefab using Guid(4f34910326e789e4f9b1781fe5d280e8) Importer(815301076,1909f56bfc062723c751e8b465ee728b)  -> (artifact id: 'a5b148cd490107806dd2cd63392d6ec1') in 0.020711 seconds 
========================================================================
Received Import Request.
  Time since last request: 2.567451 seconds.
  path: Assets/LowPolyOfficeProps_LITE/PostProcessProfiles/PPP_LPOP_A.asset
  artifactKey: Guid(d4897b14f2b7d024bbd2e5ff8408dc08) Importer(815301076,1909f56bfc062723c751e8b465ee728b)
Start importing Assets/LowPolyOfficeProps_LITE/PostProcessProfiles/PPP_LPOP_A.asset using Guid(d4897b14f2b7d024bbd2e5ff8408dc08) Importer(815301076,1909f56bfc062723c751e8b465ee728b)  -> (artifact id: '416240030f1d6ecaaf4aac063c9fa27d') in 0.004898 seconds 
========================================================================
Received Import Request.
  Time since last request: 1.449580 seconds.
  path: Assets/LowPolyOfficeProps_LITE/Meshes/Briefcase.fbx
  artifactKey: Guid(fc010527ef171d14385afc57bd308878) Importer(815301076,1909f56bfc062723c751e8b465ee728b)
Start importing Assets/LowPolyOfficeProps_LITE/Meshes/Briefcase.fbx using Guid(fc010527ef171d14385afc57bd308878) Importer(815301076,1909f56bfc062723c751e8b465ee728b)  -> (artifact id: 'f535265379086efd4b557ac1e5248157') in 0.044767 seconds 
========================================================================
Received Import Request.
  Time since last request: 0.000015 seconds.
  path: Assets/LowPolyOfficeProps_LITE/Meshes/Chair_Conference_Purple.fbx
  artifactKey: Guid(8be606ea3a619eb4e9ebd68041a447e3) Importer(815301076,1909f56bfc062723c751e8b465ee728b)
Start importing Assets/LowPolyOfficeProps_LITE/Meshes/Chair_Conference_Purple.fbx using Guid(8be606ea3a619eb4e9ebd68041a447e3) Importer(815301076,1909f56bfc062723c751e8b465ee728b)  -> (artifact id: '48d9ad5645e51057de30c1855dd0bea4') in 0.017811 seconds 
========================================================================
Received Import Request.
  Time since last request: 0.000014 seconds.
  path: Assets/LowPolyOfficeProps_LITE/Meshes/Chair_Conference_Violet.fbx
  artifactKey: Guid(cc2620a5f090c42479fe977fa2dbb164) Importer(815301076,1909f56bfc062723c751e8b465ee728b)
Start importing Assets/LowPolyOfficeProps_LITE/Meshes/Chair_Conference_Violet.fbx using Guid(cc2620a5f090c42479fe977fa2dbb164) Importer(815301076,1909f56bfc062723c751e8b465ee728b)  -> (artifact id: '03ab22e0e70be54c4762e7b9755c4dc3') in 0.018147 seconds 
========================================================================
Received Import Request.
  Time since last request: 2.631600 seconds.
  path: Assets/LowPolyOfficeProps_LITE/Materials/EmissiveLight.mat
  artifactKey: Guid(d4947c064a3f1fc4795d4022a0623f15) Importer(815301076,1909f56bfc062723c751e8b465ee728b)
Start importing Assets/LowPolyOfficeProps_LITE/Materials/EmissiveLight.mat using Guid(d4947c064a3f1fc4795d4022a0623f15) Importer(815301076,1909f56bfc062723c751e8b465ee728b)  -> (artifact id: '146c9e445bb4c06a84cee80f7ab8e18b') in 0.047415 seconds 
========================================================================
Received Import Request.
  Time since last request: 21.531151 seconds.
  path: Assets/Prefebs/Table_OfficeDesk2.prefab
  artifactKey: Guid(cfc199db016519545b9ab2adf2fb7105) Importer(815301076,1909f56bfc062723c751e8b465ee728b)
Start importing Assets/Prefebs/Table_OfficeDesk2.prefab using Guid(cfc199db016519545b9ab2adf2fb7105) Importer(815301076,1909f56bfc062723c751e8b465ee728b)  -> (artifact id: 'f11b2a710a80e4694eac189d64f5f3e4') in 0.016206 seconds 
========================================================================
Received Import Request.
  Time since last request: 22.812173 seconds.
  path: Assets/LowPolyOfficeProps_LITE/Prefabs/Chair_Office.prefab
  artifactKey: Guid(206c082e8d0cbf94bba1f305c8637164) Importer(815301076,1909f56bfc062723c751e8b465ee728b)
Start importing Assets/LowPolyOfficeProps_LITE/Prefabs/Chair_Office.prefab using Guid(206c082e8d0cbf94bba1f305c8637164) Importer(815301076,1909f56bfc062723c751e8b465ee728b)  -> (artifact id: '7ddc2fbffaba15e94a76a94a7cf897ba') in 0.012666 seconds 
========================================================================
Received Import Request.
  Time since last request: 16.021145 seconds.
  path: Assets/Prefebs/Chair_Office.prefab
  artifactKey: Guid(206c082e8d0cbf94bba1f305c8637164) Importer(815301076,1909f56bfc062723c751e8b465ee728b)
Start importing Assets/Prefebs/Chair_Office.prefab using Guid(206c082e8d0cbf94bba1f305c8637164) Importer(815301076,1909f56bfc062723c751e8b465ee728b)  -> (artifact id: '70acf154590c0a182a3135b51fdcae0b') in 0.005047 seconds 
========================================================================
Received Import Request.
  Time since last request: 1.776493 seconds.
  path: Assets/Scenes/MainScene.unity
  artifactKey: Guid(9fc0d4010bbf28b4594072e72b8655ab) Importer(815301076,1909f56bfc062723c751e8b465ee728b)
Start importing Assets/Scenes/MainScene.unity using Guid(9fc0d4010bbf28b4594072e72b8655ab) Importer(815301076,1909f56bfc062723c751e8b465ee728b)  -> (artifact id: '6e8777970d592ca4bba2528bc6ceace9') in 0.003552 seconds 
========================================================================
Received Import Request.
  Time since last request: 81.887174 seconds.
  path: Assets/LowPolyOfficeProps_LITE/Materials
  artifactKey: Guid(83a29df9bd0ff13479b20df2b453f820) Importer(815301076,1909f56bfc062723c751e8b465ee728b)
Start importing Assets/LowPolyOfficeProps_LITE/Materials using Guid(83a29df9bd0ff13479b20df2b453f820) Importer(815301076,1909f56bfc062723c751e8b465ee728b)  -> (artifact id: 'e6db0d5727f27b653fed9b76af42fff6') in 0.003426 seconds 
========================================================================
Received Import Request.
  Time since last request: 2.291728 seconds.
  path: Assets/LowPolyOfficeProps_LITE/LowPolyOfficeProps_LiteScene/LightingData.asset
  artifactKey: Guid(9d2f3b4ad44b3854d9bf3277a13db9ce) Importer(815301076,1909f56bfc062723c751e8b465ee728b)
Start importing Assets/LowPolyOfficeProps_LITE/LowPolyOfficeProps_LiteScene/LightingData.asset using Guid(9d2f3b4ad44b3854d9bf3277a13db9ce) Importer(815301076,1909f56bfc062723c751e8b465ee728b) Lighting data asset ‘LightingData’ is inconsistent because 36 files out of 180 are missing. Please use Generate Lighting to rebuild the lighting data.
Lighting data asset ‘LightingData’ is incompatible with the current Unity version. Please use Generate Lighting to rebuild the lighting data. Realtime Global Illumination cannot be used until the lighting data is rebuilt.
 -> (artifact id: '8242f7c1f2d4ed95b9183e2f1207a5c8') in 0.575390 seconds 
========================================================================
Received Import Request.
  Time since last request: 9.415312 seconds.
  path: Assets/LowPolyOfficeProps_LITE/Prefabs/Laptop_Closed.prefab
  artifactKey: Guid(20661e78605491946911818aa730569b) Importer(815301076,1909f56bfc062723c751e8b465ee728b)
Start importing Assets/LowPolyOfficeProps_LITE/Prefabs/Laptop_Closed.prefab using Guid(20661e78605491946911818aa730569b) Importer(815301076,1909f56bfc062723c751e8b465ee728b)  -> (artifact id: '768a54a27ae087675b0417519f6289bf') in 0.016063 seconds 
========================================================================
Received Import Request.
  Time since last request: 0.308701 seconds.
  path: Assets/LowPolyOfficeProps_LITE/Prefabs/Pen.prefab
  artifactKey: Guid(25a0ecfef2d64e744a3a13f1e8d37a38) Importer(815301076,1909f56bfc062723c751e8b465ee728b)
Start importing Assets/LowPolyOfficeProps_LITE/Prefabs/Pen.prefab using Guid(25a0ecfef2d64e744a3a13f1e8d37a38) Importer(815301076,1909f56bfc062723c751e8b465ee728b)  -> (artifact id: '7dd6990d23de49243bc7e446f3a4f2e4') in 0.018081 seconds 
========================================================================
Received Import Request.
  Time since last request: 0.583843 seconds.
  path: Assets/LowPolyOfficeProps_LITE/Prefabs/PlantPotLargeA.prefab
  artifactKey: Guid(5e6c0a296760d204c9e34091c18540fd) Importer(815301076,1909f56bfc062723c751e8b465ee728b)
Start importing Assets/LowPolyOfficeProps_LITE/Prefabs/PlantPotLargeA.prefab using Guid(5e6c0a296760d204c9e34091c18540fd) Importer(815301076,1909f56bfc062723c751e8b465ee728b)  -> (artifact id: '6218b23bc46eb2cbc2f6faa2ef05ce20') in 0.016864 seconds 
========================================================================
Received Import Request.
  Time since last request: 1.142474 seconds.
  path: Assets/LowPolyOfficeProps_LITE/Prefabs/Table_OfficeDesk2.prefab
  artifactKey: Guid(cd74bf6cea4234840b01646a5b3f339a) Importer(815301076,1909f56bfc062723c751e8b465ee728b)
Start importing Assets/LowPolyOfficeProps_LITE/Prefabs/Table_OfficeDesk2.prefab using Guid(cd74bf6cea4234840b01646a5b3f339a) Importer(815301076,1909f56bfc062723c751e8b465ee728b)  -> (artifact id: 'e112930a2b7e65d375ea6528e7d64f5a') in 0.017205 seconds 
========================================================================
Received Import Request.
  Time since last request: 62.926974 seconds.
  path: Assets/LowPolyOfficeProps_LITE/Textures/LPOP_TextureAtlas1_FULL-Emissive.png
  artifactKey: Guid(b10fa16559c0a7b4db8a76716cf165ce) Importer(815301076,1909f56bfc062723c751e8b465ee728b)
Start importing Assets/LowPolyOfficeProps_LITE/Textures/LPOP_TextureAtlas1_FULL-Emissive.png using Guid(b10fa16559c0a7b4db8a76716cf165ce) Importer(815301076,1909f56bfc062723c751e8b465ee728b)  -> (artifact id: 'd48beb3f0cb89e3443641714d9cb58e4') in 0.020784 seconds 
========================================================================
Received Import Request.
  Time since last request: 0.000017 seconds.
  path: Assets/LowPolyOfficeProps_LITE/Textures/LPOP_TextureAtlas1_FULL.png
  artifactKey: Guid(ab9f9ceec5d21e24c9e03cadab93d5ca) Importer(815301076,1909f56bfc062723c751e8b465ee728b)
Start importing Assets/LowPolyOfficeProps_LITE/Textures/LPOP_TextureAtlas1_FULL.png using Guid(ab9f9ceec5d21e24c9e03cadab93d5ca) Importer(815301076,1909f56bfc062723c751e8b465ee728b)  -> (artifact id: 'd6ba1dc4c07eedcd362a2c048d0ad665') in 0.010153 seconds 
