Using pre-set license
Built from '2021.3/staging' branch; Version is '2021.3.9f1 (ad3870b89536) revision 11352176'; Using compiler version '192829333'; Build Type 'Release'
OS: 'Windows 10  (10.0.19044) 64bit Enterprise' Language: 'ko' Physical Memory: 16315 MB
BatchMode: 1, IsHumanControllingUs: 0, StartBugReporterOnCrash: 0, Is64bit: 1, IsPro: 1

COMMAND LINE ARGUMENTS:
C:\Program Files\Unity\Hub\Editor\2021.3.9f1\Editor\Unity.exe
-adb2
-batchMode
-noUpm
-name
AssetImportWorker6
-projectPath
C:/Users/multicampus/Desktop/SDC/S07P31B306/Unity/SDC_Unity
-logFile
Logs/AssetImportWorker6.log
-srvPort
63923
Successfully changed project path to: C:/Users/multicampus/Desktop/SDC/S07P31B306/Unity/SDC_Unity
C:/Users/multicampus/Desktop/SDC/S07P31B306/Unity/SDC_Unity
[UnityMemory] Configuration Parameters - Can be set up in boot.config
    "memorysetup-bucket-allocator-granularity=16"
    "memorysetup-bucket-allocator-bucket-count=8"
    "memorysetup-bucket-allocator-block-size=33554432"
    "memorysetup-bucket-allocator-block-count=8"
    "memorysetup-main-allocator-block-size=16777216"
    "memorysetup-thread-allocator-block-size=16777216"
    "memorysetup-gfx-main-allocator-block-size=16777216"
    "memorysetup-gfx-thread-allocator-block-size=16777216"
    "memorysetup-cache-allocator-block-size=4194304"
    "memorysetup-typetree-allocator-block-size=2097152"
    "memorysetup-profiler-bucket-allocator-granularity=16"
    "memorysetup-profiler-bucket-allocator-bucket-count=8"
    "memorysetup-profiler-bucket-allocator-block-size=33554432"
    "memorysetup-profiler-bucket-allocator-block-count=8"
    "memorysetup-profiler-allocator-block-size=16777216"
    "memorysetup-profiler-editor-allocator-block-size=1048576"
    "memorysetup-temp-allocator-size-main=16777216"
    "memorysetup-job-temp-allocator-block-size=2097152"
    "memorysetup-job-temp-allocator-block-size-background=1048576"
    "memorysetup-job-temp-allocator-reduction-small-platforms=262144"
    "memorysetup-temp-allocator-size-background-worker=32768"
    "memorysetup-temp-allocator-size-job-worker=262144"
    "memorysetup-temp-allocator-size-preload-manager=33554432"
    "memorysetup-temp-allocator-size-nav-mesh-worker=65536"
    "memorysetup-temp-allocator-size-audio-worker=65536"
    "memorysetup-temp-allocator-size-cloud-worker=32768"
    "memorysetup-temp-allocator-size-gi-baking-worker=262144"
    "memorysetup-temp-allocator-size-gfx=262144"
Refreshing native plugins compatible for Editor in 74.29 ms, found 3 plugins.
Preloading 0 native plugins for Editor in 0.00 ms.
Initialize engine version: 2021.3.9f1 (ad3870b89536)
[Subsystems] Discovering subsystems at path C:/Program Files/Unity/Hub/Editor/2021.3.9f1/Editor/Data/Resources/UnitySubsystems
[Subsystems] Discovering subsystems at path C:/Users/multicampus/Desktop/SDC/S07P31B306/Unity/SDC_Unity/Assets
GfxDevice: creating device client; threaded=0; jobified=0
Direct3D:
    Version:  Direct3D 11.0 [level 11.1]
    Renderer: NVIDIA GeForce RTX 2060 (ID=0x1f51)
    Vendor:   NVIDIA
    VRAM:     5980 MB
    Driver:   27.21.14.5167
Initialize mono
Mono path[0] = 'C:/Program Files/Unity/Hub/Editor/2021.3.9f1/Editor/Data/Managed'
Mono path[1] = 'C:/Program Files/Unity/Hub/Editor/2021.3.9f1/Editor/Data/MonoBleedingEdge/lib/mono/unityjit-win32'
Mono config path = 'C:/Program Files/Unity/Hub/Editor/2021.3.9f1/Editor/Data/MonoBleedingEdge/etc'
Using monoOptions --debugger-agent=transport=dt_socket,embedding=1,server=y,suspend=n,address=127.0.0.1:56532
Begin MonoManager ReloadAssembly
Registering precompiled unity dll's ...
Register platform support module: C:/Program Files/Unity/Hub/Editor/2021.3.9f1/Editor/Data/PlaybackEngines/WindowsStandaloneSupport/UnityEditor.WindowsStandalone.Extensions.dll
Registered in 0.005574 seconds.
Native extension for WindowsStandalone target not found
Refreshing native plugins compatible for Editor in 79.98 ms, found 3 plugins.
Preloading 0 native plugins for Editor in 0.00 ms.
Mono: successfully reloaded assembly
- Completed reload, in  0.678 seconds
Domain Reload Profiling:
	ReloadAssembly (678ms)
		BeginReloadAssembly (89ms)
			ExecutionOrderSort (0ms)
			DisableScriptedObjects (0ms)
			BackupInstance (0ms)
			ReleaseScriptingObjects (0ms)
			CreateAndSetChildDomain (1ms)
		EndReloadAssembly (478ms)
			LoadAssemblies (88ms)
			RebuildTransferFunctionScriptingTraits (0ms)
			SetupTypeCache (116ms)
			ReleaseScriptCaches (0ms)
			RebuildScriptCaches (30ms)
			SetupLoadedEditorAssemblies (279ms)
				LogAssemblyErrors (0ms)
				InitializePlatformSupportModulesInManaged (7ms)
				SetLoadedEditorAssemblies (0ms)
				RefreshPlugins (80ms)
				BeforeProcessingInitializeOnLoad (1ms)
				ProcessInitializeOnLoadAttributes (137ms)
				ProcessInitializeOnLoadMethodAttributes (52ms)
				AfterProcessingInitializeOnLoad (0ms)
				EditorAssembliesLoaded (0ms)
			ExecutionOrderSort2 (0ms)
			AwakeInstancesAfterBackupRestoration (0ms)
Platform modules already initialized, skipping
Registering precompiled user dll's ...
Registered in 0.005977 seconds.
Begin MonoManager ReloadAssembly
Symbol file LoadedFromMemory doesn't match image C:\Users\multicampus\Desktop\SDC\S07P31B306\Unity\SDC_Unity\Library\PackageCache\com.unity.visualscripting@1.7.8\Editor\VisualScripting.Core\Dependencies\YamlDotNet\Unity.VisualScripting.YamlDotNet.dll
Symbol file LoadedFromMemory doesn't match image C:\Users\multicampus\Desktop\SDC\S07P31B306\Unity\SDC_Unity\Library\PackageCache\com.unity.visualscripting@1.7.8\Editor\VisualScripting.Core\Dependencies\DotNetZip\Unity.VisualScripting.IonicZip.dll
Native extension for WindowsStandalone target not found
Refreshing native plugins compatible for Editor in 0.51 ms, found 3 plugins.
Preloading 0 native plugins for Editor in 0.00 ms.
Mono: successfully reloaded assembly
- Completed reload, in  0.980 seconds
Domain Reload Profiling:
	ReloadAssembly (981ms)
		BeginReloadAssembly (116ms)
			ExecutionOrderSort (0ms)
			DisableScriptedObjects (6ms)
			BackupInstance (0ms)
			ReleaseScriptingObjects (0ms)
			CreateAndSetChildDomain (18ms)
		EndReloadAssembly (747ms)
			LoadAssemblies (87ms)
			RebuildTransferFunctionScriptingTraits (0ms)
			SetupTypeCache (256ms)
			ReleaseScriptCaches (1ms)
			RebuildScriptCaches (48ms)
			SetupLoadedEditorAssemblies (333ms)
				LogAssemblyErrors (0ms)
				InitializePlatformSupportModulesInManaged (5ms)
				SetLoadedEditorAssemblies (0ms)
				RefreshPlugins (1ms)
				BeforeProcessingInitializeOnLoad (76ms)
				ProcessInitializeOnLoadAttributes (219ms)
				ProcessInitializeOnLoadMethodAttributes (26ms)
				AfterProcessingInitializeOnLoad (5ms)
				EditorAssembliesLoaded (0ms)
			ExecutionOrderSort2 (0ms)
			AwakeInstancesAfterBackupRestoration (6ms)
Platform modules already initialized, skipping
========================================================================
Worker process is ready to serve import requests
Launched and connected shader compiler UnityShaderCompiler.exe after 0.04 seconds
Refreshing native plugins compatible for Editor in 0.81 ms, found 3 plugins.
Preloading 0 native plugins for Editor in 0.00 ms.
Unloading 3382 Unused Serialized files (Serialized files now loaded: 0)
Unloading 25 unused Assets / (55.4 KB). Loaded Objects now: 3842.
Memory consumption went from 116.5 MB to 116.5 MB.
Total: 3.479000 ms (FindLiveObjects: 0.321100 ms CreateObjectMapping: 0.259800 ms MarkObjects: 2.823000 ms  DeleteObjects: 0.073800 ms)

AssetImportParameters requested are different than current active one (requested -> active):
  custom:video-decoder-ogg-theora: a1e56fd34408186e4bbccfd4996cb3dc -> 
  custom:container-muxer-webm: aa71ff27fc2769a1b78a27578f13a17b -> 
  custom:container-demuxer-webm: 4f35f7cbe854078d1ac9338744f61a02 -> 
  custom:video-encoder-webm-vp8: eb34c28f22e8b96e1ab97ce403110664 -> 
  custom:audio-encoder-webm-vorbis: bf7c407c2cedff20999df2af8eb42d56 -> 
  custom:framework-win-MediaFoundation: 216162199b28c13a410421893ffa2e32 -> 
  custom:container-demuxer-ogg: 62fdf1f143b41e24485cea50d1cbac27 -> 
  custom:video-decoder-webm-vp8: 9c59270c3fd7afecdb556c50c9e8de78 -> 
  custom:audio-decoder-ogg-vorbis: bf7c407c2cedff20999df2af8eb42d56 -> 
========================================================================
Received Import Request.
  Time since last request: 1074951.499955 seconds.
  path: Assets/LowPolyOfficeProps_LITE/LowPolyOfficeProps_LiteScene.unity
  artifactKey: Guid(915a768650025f64c87639409b905183) Importer(815301076,1909f56bfc062723c751e8b465ee728b)
Start importing Assets/LowPolyOfficeProps_LITE/LowPolyOfficeProps_LiteScene.unity using Guid(915a768650025f64c87639409b905183) Importer(815301076,1909f56bfc062723c751e8b465ee728b)  -> (artifact id: 'bd318f94849a7a6504d7ddec721d1142') in 0.009060 seconds 
========================================================================
Received Import Request.
  Time since last request: 87.247811 seconds.
  path: Assets/LowPolyOfficeProps_LITE/Prefabs
  artifactKey: Guid(ce44833ddb2fe684f874b123d04d6ad8) Importer(815301076,1909f56bfc062723c751e8b465ee728b)
Start importing Assets/LowPolyOfficeProps_LITE/Prefabs using Guid(ce44833ddb2fe684f874b123d04d6ad8) Importer(815301076,1909f56bfc062723c751e8b465ee728b)  -> (artifact id: '2072f0b058e5717f043d1a4039a884bc') in 0.003088 seconds 
========================================================================
Received Import Request.
  Time since last request: 0.063460 seconds.
  path: Assets/LowPolyOfficeProps_LITE/Prefabs/Briefcase.prefab
  artifactKey: Guid(1f1181424ea20d64ea8a1054356fb358) Importer(815301076,1909f56bfc062723c751e8b465ee728b)
Start importing Assets/LowPolyOfficeProps_LITE/Prefabs/Briefcase.prefab using Guid(1f1181424ea20d64ea8a1054356fb358) Importer(815301076,1909f56bfc062723c751e8b465ee728b)  -> (artifact id: '680e642e9fc521499f2baae82b2936e3') in 0.373401 seconds 
========================================================================
Received Import Request.
  Time since last request: 0.000025 seconds.
  path: Assets/LowPolyOfficeProps_LITE/Prefabs/Chair_DeskChair.prefab
  artifactKey: Guid(813aadab227158e46897ad49dc9b8dbd) Importer(815301076,1909f56bfc062723c751e8b465ee728b)
Start importing Assets/LowPolyOfficeProps_LITE/Prefabs/Chair_DeskChair.prefab using Guid(813aadab227158e46897ad49dc9b8dbd) Importer(815301076,1909f56bfc062723c751e8b465ee728b)  -> (artifact id: 'f3395c9f507c741efc0a1dd01540427d') in 0.030168 seconds 
========================================================================
Received Import Request.
  Time since last request: 0.000036 seconds.
  path: Assets/LowPolyOfficeProps_LITE/Prefabs/Chair_Conference.prefab
  artifactKey: Guid(7d255bce5b634604dbc1ed9f1e878f20) Importer(815301076,1909f56bfc062723c751e8b465ee728b)
Start importing Assets/LowPolyOfficeProps_LITE/Prefabs/Chair_Conference.prefab using Guid(7d255bce5b634604dbc1ed9f1e878f20) Importer(815301076,1909f56bfc062723c751e8b465ee728b)  -> (artifact id: '3a4a4f363be25e3413e1c13dfa929494') in 0.016797 seconds 
========================================================================
Received Import Request.
  Time since last request: 0.000025 seconds.
  path: Assets/LowPolyOfficeProps_LITE/Prefabs/Chair_Conference_Olive.prefab
  artifactKey: Guid(fe5121614a9f24d4ba9c5a3636ff4151) Importer(815301076,1909f56bfc062723c751e8b465ee728b)
Start importing Assets/LowPolyOfficeProps_LITE/Prefabs/Chair_Conference_Olive.prefab using Guid(fe5121614a9f24d4ba9c5a3636ff4151) Importer(815301076,1909f56bfc062723c751e8b465ee728b)  -> (artifact id: '94456a0a12ae512e2db9d7e7a96d668a') in 0.017119 seconds 
========================================================================
Received Import Request.
  Time since last request: 0.000034 seconds.
  path: Assets/LowPolyOfficeProps_LITE/Prefabs/Chair_DeskChair_Green.prefab
  artifactKey: Guid(0bdc1db6cb4c7a5429b33a0cc442a5af) Importer(815301076,1909f56bfc062723c751e8b465ee728b)
Start importing Assets/LowPolyOfficeProps_LITE/Prefabs/Chair_DeskChair_Green.prefab using Guid(0bdc1db6cb4c7a5429b33a0cc442a5af) Importer(815301076,1909f56bfc062723c751e8b465ee728b)  -> (artifact id: 'fbc15d9e5e651535595e9bcbf4ad31ba') in 0.016938 seconds 
========================================================================
Received Import Request.
  Time since last request: 0.000031 seconds.
  path: Assets/LowPolyOfficeProps_LITE/Prefabs/Chair_Conference_Green.prefab
  artifactKey: Guid(f0fd1300e91d2bf43b23bde299755026) Importer(815301076,1909f56bfc062723c751e8b465ee728b)
Start importing Assets/LowPolyOfficeProps_LITE/Prefabs/Chair_Conference_Green.prefab using Guid(f0fd1300e91d2bf43b23bde299755026) Importer(815301076,1909f56bfc062723c751e8b465ee728b)  -> (artifact id: 'bf33b3d4c786d748e53a45ad09f11f7c') in 0.025386 seconds 
========================================================================
Received Import Request.
  Time since last request: 0.000033 seconds.
  path: Assets/LowPolyOfficeProps_LITE/Prefabs/Chair_Conference_Violet.prefab
  artifactKey: Guid(a51df466658a0c44f9c9569a7834edc5) Importer(815301076,1909f56bfc062723c751e8b465ee728b)
Start importing Assets/LowPolyOfficeProps_LITE/Prefabs/Chair_Conference_Violet.prefab using Guid(a51df466658a0c44f9c9569a7834edc5) Importer(815301076,1909f56bfc062723c751e8b465ee728b)  -> (artifact id: '3c653fce4bb1a590c47072ececcf32d6') in 0.016815 seconds 
========================================================================
Received Import Request.
  Time since last request: 1.969114 seconds.
  path: Assets/LowPolyOfficeProps_LITE/Prefabs/Chair_DeskChair_Purple.prefab
  artifactKey: Guid(e09a754dc686e734eb3b914283c8f5ce) Importer(815301076,1909f56bfc062723c751e8b465ee728b)
Start importing Assets/LowPolyOfficeProps_LITE/Prefabs/Chair_DeskChair_Purple.prefab using Guid(e09a754dc686e734eb3b914283c8f5ce) Importer(815301076,1909f56bfc062723c751e8b465ee728b)  -> (artifact id: '5fc1ee926f43c3a6cf2d42d256e98d05') in 0.014187 seconds 
========================================================================
Received Import Request.
  Time since last request: 0.000017 seconds.
  path: Assets/LowPolyOfficeProps_LITE/Prefabs/Chair_DeskChair_Turquoise.prefab
  artifactKey: Guid(f7fd5bedd08c0bf4fa8553343dc88e7e) Importer(815301076,1909f56bfc062723c751e8b465ee728b)
Start importing Assets/LowPolyOfficeProps_LITE/Prefabs/Chair_DeskChair_Turquoise.prefab using Guid(f7fd5bedd08c0bf4fa8553343dc88e7e) Importer(815301076,1909f56bfc062723c751e8b465ee728b)  -> (artifact id: '9df2e1e39c0260aefb3b83d4b90d0e19') in 0.011953 seconds 
========================================================================
Received Import Request.
  Time since last request: 0.024887 seconds.
  path: Assets/LowPolyOfficeProps_LITE/Prefabs/Chair_DeskChair_Violet.prefab
  artifactKey: Guid(5831283518cce8b4c8c7cfa7dd1b8b80) Importer(815301076,1909f56bfc062723c751e8b465ee728b)
Start importing Assets/LowPolyOfficeProps_LITE/Prefabs/Chair_DeskChair_Violet.prefab using Guid(5831283518cce8b4c8c7cfa7dd1b8b80) Importer(815301076,1909f56bfc062723c751e8b465ee728b)  -> (artifact id: '3dccf8bc91d870f25e83c03f5b9876cd') in 0.014699 seconds 
========================================================================
Received Import Request.
  Time since last request: 0.000027 seconds.
  path: Assets/LowPolyOfficeProps_LITE/Prefabs/Chair_Office_Olive.prefab
  artifactKey: Guid(f14cbdd8ee1424e469bf00996f0eeaf1) Importer(815301076,1909f56bfc062723c751e8b465ee728b)
Start importing Assets/LowPolyOfficeProps_LITE/Prefabs/Chair_Office_Olive.prefab using Guid(f14cbdd8ee1424e469bf00996f0eeaf1) Importer(815301076,1909f56bfc062723c751e8b465ee728b)  -> (artifact id: '20c46ebd356a2ee58d2d8f20912098c6') in 0.013642 seconds 
========================================================================
Received Import Request.
  Time since last request: 0.133013 seconds.
  path: Assets/LowPolyOfficeProps_LITE/Prefabs/Chair_Office_Purple.prefab
  artifactKey: Guid(584445047de52fb4ab7f6b25554eb174) Importer(815301076,1909f56bfc062723c751e8b465ee728b)
Start importing Assets/LowPolyOfficeProps_LITE/Prefabs/Chair_Office_Purple.prefab using Guid(584445047de52fb4ab7f6b25554eb174) Importer(815301076,1909f56bfc062723c751e8b465ee728b)  -> (artifact id: 'ff59231b6a063b8b54bcffba9c1a685a') in 0.022488 seconds 
========================================================================
Received Import Request.
  Time since last request: 0.000015 seconds.
  path: Assets/LowPolyOfficeProps_LITE/Prefabs/Chair_Office_Teal.prefab
  artifactKey: Guid(f459aae84ece7154f8d0ee90f554eeb4) Importer(815301076,1909f56bfc062723c751e8b465ee728b)
Start importing Assets/LowPolyOfficeProps_LITE/Prefabs/Chair_Office_Teal.prefab using Guid(f459aae84ece7154f8d0ee90f554eeb4) Importer(815301076,1909f56bfc062723c751e8b465ee728b)  -> (artifact id: 'a6e93fe5a61cd0115a29d01e9988bffb') in 0.013297 seconds 
========================================================================
Received Import Request.
  Time since last request: 9.056793 seconds.
  path: Assets/LowPolyOfficeProps_LITE/Prefabs/FilingCabinet_Drawer.prefab
  artifactKey: Guid(bf955aa6cf5b1774180125d6b6201b35) Importer(815301076,1909f56bfc062723c751e8b465ee728b)
Start importing Assets/LowPolyOfficeProps_LITE/Prefabs/FilingCabinet_Drawer.prefab using Guid(bf955aa6cf5b1774180125d6b6201b35) Importer(815301076,1909f56bfc062723c751e8b465ee728b)  -> (artifact id: 'c58d6584306ed8f44b9b059b8a76711d') in 0.019652 seconds 
========================================================================
Received Import Request.
  Time since last request: 6.251564 seconds.
  path: Assets/LowPolyOfficeProps_LITE/Meshes/CellPhone.fbx
  artifactKey: Guid(cf2e994ddc969684984c2bbc44f99997) Importer(815301076,1909f56bfc062723c751e8b465ee728b)
Start importing Assets/LowPolyOfficeProps_LITE/Meshes/CellPhone.fbx using Guid(cf2e994ddc969684984c2bbc44f99997) Importer(815301076,1909f56bfc062723c751e8b465ee728b)  -> (artifact id: '14e473259bbb29c87c5aca9a0fc6a340') in 0.044688 seconds 
========================================================================
Received Import Request.
  Time since last request: 0.000018 seconds.
  path: Assets/LowPolyOfficeProps_LITE/Meshes/Chair_Conference_Turquoise.fbx
  artifactKey: Guid(c90f69102d5256d43b009d60d80be58f) Importer(815301076,1909f56bfc062723c751e8b465ee728b)
Start importing Assets/LowPolyOfficeProps_LITE/Meshes/Chair_Conference_Turquoise.fbx using Guid(c90f69102d5256d43b009d60d80be58f) Importer(815301076,1909f56bfc062723c751e8b465ee728b)  -> (artifact id: '4bb8056be8f74ae7768fd36458f957ed') in 0.017214 seconds 
========================================================================
Received Import Request.
  Time since last request: 0.000022 seconds.
  path: Assets/LowPolyOfficeProps_LITE/Meshes/Chair_DeskChair.fbx
  artifactKey: Guid(f4b1ea369467152468dd6c6b965182db) Importer(815301076,1909f56bfc062723c751e8b465ee728b)
Start importing Assets/LowPolyOfficeProps_LITE/Meshes/Chair_DeskChair.fbx using Guid(f4b1ea369467152468dd6c6b965182db) Importer(815301076,1909f56bfc062723c751e8b465ee728b)  -> (artifact id: '666bb483b3196341d04da11e8d3c9942') in 0.018774 seconds 
========================================================================
Received Import Request.
  Time since last request: 2.631562 seconds.
  path: Assets/LowPolyOfficeProps_LITE/Materials/LPOP_TextureAtlas1.mat
  artifactKey: Guid(16cb512cb0149e644a3e5929b3266a44) Importer(815301076,1909f56bfc062723c751e8b465ee728b)
Start importing Assets/LowPolyOfficeProps_LITE/Materials/LPOP_TextureAtlas1.mat using Guid(16cb512cb0149e644a3e5929b3266a44) Importer(815301076,1909f56bfc062723c751e8b465ee728b)  -> (artifact id: '78725c8f2015ae92512a23e8b3705f0f') in 0.048355 seconds 
========================================================================
Received Import Request.
  Time since last request: 60.403100 seconds.
  path: Assets/Prefebs/Table_OfficeDesk2.prefab
  artifactKey: Guid(cfc199db016519545b9ab2adf2fb7105) Importer(815301076,1909f56bfc062723c751e8b465ee728b)
Start importing Assets/Prefebs/Table_OfficeDesk2.prefab using Guid(cfc199db016519545b9ab2adf2fb7105) Importer(815301076,1909f56bfc062723c751e8b465ee728b)  -> (artifact id: 'db371267847d783385e8e46a0b7ff411') in 0.004785 seconds 
========================================================================
Received Import Request.
  Time since last request: 85.978797 seconds.
  path: Assets/LowPolyOfficeProps_LITE/LowPolyOfficeProps_LiteScene/Lightmap-0_comp_dir.png
  artifactKey: Guid(4456dead3ce367147a0180d8a88e6054) Importer(815301076,1909f56bfc062723c751e8b465ee728b)
Start importing Assets/LowPolyOfficeProps_LITE/LowPolyOfficeProps_LiteScene/Lightmap-0_comp_dir.png using Guid(4456dead3ce367147a0180d8a88e6054) Importer(815301076,1909f56bfc062723c751e8b465ee728b)  -> (artifact id: 'a2086bbc5375f01a48bbc2aa59e202cf') in 0.047974 seconds 
========================================================================
Received Import Request.
  Time since last request: 0.000041 seconds.
  path: Assets/LowPolyOfficeProps_LITE/LowPolyOfficeProps_LiteScene/ReflectionProbe-1.exr
  artifactKey: Guid(4bddac61ed374514b9f6db68630fa77c) Importer(815301076,1909f56bfc062723c751e8b465ee728b)
Start importing Assets/LowPolyOfficeProps_LITE/LowPolyOfficeProps_LiteScene/ReflectionProbe-1.exr using Guid(4bddac61ed374514b9f6db68630fa77c) Importer(815301076,1909f56bfc062723c751e8b465ee728b)  -> (artifact id: '7a7d9dc3975a30834cc7f83869ff0fd9') in 0.023633 seconds 
========================================================================
Received Import Request.
  Time since last request: 0.000025 seconds.
  path: Assets/LowPolyOfficeProps_LITE/LowPolyOfficeProps_LiteScene/Lightmap-0_comp_light.exr
  artifactKey: Guid(11a792be58386b04f8d6ecc3d96d59f8) Importer(815301076,1909f56bfc062723c751e8b465ee728b)
Start importing Assets/LowPolyOfficeProps_LITE/LowPolyOfficeProps_LiteScene/Lightmap-0_comp_light.exr using Guid(11a792be58386b04f8d6ecc3d96d59f8) Importer(815301076,1909f56bfc062723c751e8b465ee728b)  -> (artifact id: 'bbe89a3a6037486acd106de106fb89fa') in 0.046372 seconds 
========================================================================
Received Import Request.
  Time since last request: 0.000028 seconds.
  path: Assets/LowPolyOfficeProps_LITE/LowPolyOfficeProps_LiteScene/ReflectionProbe-0.exr
  artifactKey: Guid(9aaed1bf60be8ac438ff0a3800dd1c4d) Importer(815301076,1909f56bfc062723c751e8b465ee728b)
Start importing Assets/LowPolyOfficeProps_LITE/LowPolyOfficeProps_LiteScene/ReflectionProbe-0.exr using Guid(9aaed1bf60be8ac438ff0a3800dd1c4d) Importer(815301076,1909f56bfc062723c751e8b465ee728b)  -> (artifact id: '9e743f22c40808354489defa4d65333b') in 0.018251 seconds 
========================================================================
Received Import Request.
  Time since last request: 9.831891 seconds.
  path: Assets/LowPolyOfficeProps_LITE/Prefabs/Laptop_Off.prefab
  artifactKey: Guid(f0c2d9c0796a76d428d02150209c6d26) Importer(815301076,1909f56bfc062723c751e8b465ee728b)
Start importing Assets/LowPolyOfficeProps_LITE/Prefabs/Laptop_Off.prefab using Guid(f0c2d9c0796a76d428d02150209c6d26) Importer(815301076,1909f56bfc062723c751e8b465ee728b)  -> (artifact id: '897fe4e65edf8d929c23933013cb9f7c') in 0.014945 seconds 
========================================================================
Received Import Request.
  Time since last request: 0.309809 seconds.
  path: Assets/LowPolyOfficeProps_LITE/Prefabs/PenClosed.prefab
  artifactKey: Guid(5ffb34a81ed9b0748b11b3451513f590) Importer(815301076,1909f56bfc062723c751e8b465ee728b)
Start importing Assets/LowPolyOfficeProps_LITE/Prefabs/PenClosed.prefab using Guid(5ffb34a81ed9b0748b11b3451513f590) Importer(815301076,1909f56bfc062723c751e8b465ee728b)  -> (artifact id: '980e74e7cfbbb32f67bd679b7f8279b3') in 0.016801 seconds 
========================================================================
Received Import Request.
  Time since last request: 0.000016 seconds.
  path: Assets/LowPolyOfficeProps_LITE/Prefabs/PenLidTop.prefab
  artifactKey: Guid(5d38df3483541b24eb4740bb137f8a7e) Importer(815301076,1909f56bfc062723c751e8b465ee728b)
Start importing Assets/LowPolyOfficeProps_LITE/Prefabs/PenLidTop.prefab using Guid(5d38df3483541b24eb4740bb137f8a7e) Importer(815301076,1909f56bfc062723c751e8b465ee728b)  -> (artifact id: '040f1a206184705822b9773f18c98aa6') in 0.013302 seconds 
========================================================================
Received Import Request.
  Time since last request: 0.567027 seconds.
  path: Assets/LowPolyOfficeProps_LITE/Prefabs/PlantTypeA.prefab
  artifactKey: Guid(5016dee2f2df1774e9c4ea33160fca26) Importer(815301076,1909f56bfc062723c751e8b465ee728b)
Start importing Assets/LowPolyOfficeProps_LITE/Prefabs/PlantTypeA.prefab using Guid(5016dee2f2df1774e9c4ea33160fca26) Importer(815301076,1909f56bfc062723c751e8b465ee728b)  -> (artifact id: '02eff067603483180608612c8c9b8e4f') in 0.014842 seconds 
========================================================================
Received Import Request.
  Time since last request: 0.000016 seconds.
  path: Assets/LowPolyOfficeProps_LITE/Prefabs/Table_OfficeDesk.prefab
  artifactKey: Guid(683ef653b4b09b94993b7fd393c95978) Importer(815301076,1909f56bfc062723c751e8b465ee728b)
Start importing Assets/LowPolyOfficeProps_LITE/Prefabs/Table_OfficeDesk.prefab using Guid(683ef653b4b09b94993b7fd393c95978) Importer(815301076,1909f56bfc062723c751e8b465ee728b)  -> (artifact id: '9181bdd9ef7b9f90d256c22f06e3a6d4') in 0.013480 seconds 
========================================================================
Received Import Request.
  Time since last request: 1.126722 seconds.
  path: Assets/LowPolyOfficeProps_LITE/Prefabs/Tablet.prefab
  artifactKey: Guid(a76d0962e5aaba2479107524e448f23d) Importer(815301076,1909f56bfc062723c751e8b465ee728b)
Start importing Assets/LowPolyOfficeProps_LITE/Prefabs/Tablet.prefab using Guid(a76d0962e5aaba2479107524e448f23d) Importer(815301076,1909f56bfc062723c751e8b465ee728b)  -> (artifact id: '5df1f8c33a8d221774502d1c2ce46c3a') in 0.016187 seconds 
Editor requested this worker to shutdown with reason: Scaling down because of idle timeout
AssetImportWorker is now disconnected from the server
Process exiting
Exiting without the bug reporter. Application will terminate with return code 0