Using pre-set license
Built from '2021.3/staging' branch; Version is '2021.3.9f1 (ad3870b89536) revision 11352176'; Using compiler version '192829333'; Build Type 'Release'
OS: 'Windows 10  (10.0.19044) 64bit Enterprise' Language: 'ko' Physical Memory: 16315 MB
BatchMode: 1, IsHumanControllingUs: 0, StartBugReporterOnCrash: 0, Is64bit: 1, IsPro: 1

COMMAND LINE ARGUMENTS:
C:\Program Files\Unity\Hub\Editor\2021.3.9f1\Editor\Unity.exe
-adb2
-batchMode
-noUpm
-name
AssetImportWorker4
-projectPath
C:/Users/multicampus/Desktop/SDC/S07P31B306/Unity/SDC_Unity
-logFile
Logs/AssetImportWorker4.log
-srvPort
63923
Successfully changed project path to: C:/Users/multicampus/Desktop/SDC/S07P31B306/Unity/SDC_Unity
C:/Users/multicampus/Desktop/SDC/S07P31B306/Unity/SDC_Unity
[UnityMemory] Configuration Parameters - Can be set up in boot.config
    "memorysetup-bucket-allocator-granularity=16"
    "memorysetup-bucket-allocator-bucket-count=8"
    "memorysetup-bucket-allocator-block-size=33554432"
    "memorysetup-bucket-allocator-block-count=8"
    "memorysetup-main-allocator-block-size=16777216"
    "memorysetup-thread-allocator-block-size=16777216"
    "memorysetup-gfx-main-allocator-block-size=16777216"
    "memorysetup-gfx-thread-allocator-block-size=16777216"
    "memorysetup-cache-allocator-block-size=4194304"
    "memorysetup-typetree-allocator-block-size=2097152"
    "memorysetup-profiler-bucket-allocator-granularity=16"
    "memorysetup-profiler-bucket-allocator-bucket-count=8"
    "memorysetup-profiler-bucket-allocator-block-size=33554432"
    "memorysetup-profiler-bucket-allocator-block-count=8"
    "memorysetup-profiler-allocator-block-size=16777216"
    "memorysetup-profiler-editor-allocator-block-size=1048576"
    "memorysetup-temp-allocator-size-main=16777216"
    "memorysetup-job-temp-allocator-block-size=2097152"
    "memorysetup-job-temp-allocator-block-size-background=1048576"
    "memorysetup-job-temp-allocator-reduction-small-platforms=262144"
    "memorysetup-temp-allocator-size-background-worker=32768"
    "memorysetup-temp-allocator-size-job-worker=262144"
    "memorysetup-temp-allocator-size-preload-manager=33554432"
    "memorysetup-temp-allocator-size-nav-mesh-worker=65536"
    "memorysetup-temp-allocator-size-audio-worker=65536"
    "memorysetup-temp-allocator-size-cloud-worker=32768"
    "memorysetup-temp-allocator-size-gi-baking-worker=262144"
    "memorysetup-temp-allocator-size-gfx=262144"
Refreshing native plugins compatible for Editor in 96.93 ms, found 3 plugins.
Preloading 0 native plugins for Editor in 0.00 ms.
Initialize engine version: 2021.3.9f1 (ad3870b89536)
[Subsystems] Discovering subsystems at path C:/Program Files/Unity/Hub/Editor/2021.3.9f1/Editor/Data/Resources/UnitySubsystems
[Subsystems] Discovering subsystems at path C:/Users/multicampus/Desktop/SDC/S07P31B306/Unity/SDC_Unity/Assets
GfxDevice: creating device client; threaded=0; jobified=0
Direct3D:
    Version:  Direct3D 11.0 [level 11.1]
    Renderer: NVIDIA GeForce RTX 2060 (ID=0x1f51)
    Vendor:   NVIDIA
    VRAM:     5980 MB
    Driver:   27.21.14.5167
Initialize mono
Mono path[0] = 'C:/Program Files/Unity/Hub/Editor/2021.3.9f1/Editor/Data/Managed'
Mono path[1] = 'C:/Program Files/Unity/Hub/Editor/2021.3.9f1/Editor/Data/MonoBleedingEdge/lib/mono/unityjit-win32'
Mono config path = 'C:/Program Files/Unity/Hub/Editor/2021.3.9f1/Editor/Data/MonoBleedingEdge/etc'
Using monoOptions --debugger-agent=transport=dt_socket,embedding=1,server=y,suspend=n,address=127.0.0.1:56112
Begin MonoManager ReloadAssembly
Registering precompiled unity dll's ...
Register platform support module: C:/Program Files/Unity/Hub/Editor/2021.3.9f1/Editor/Data/PlaybackEngines/WindowsStandaloneSupport/UnityEditor.WindowsStandalone.Extensions.dll
Registered in 0.006117 seconds.
Native extension for WindowsStandalone target not found
Refreshing native plugins compatible for Editor in 71.69 ms, found 3 plugins.
Preloading 0 native plugins for Editor in 0.00 ms.
Mono: successfully reloaded assembly
- Completed reload, in  0.642 seconds
Domain Reload Profiling:
	ReloadAssembly (642ms)
		BeginReloadAssembly (81ms)
			ExecutionOrderSort (0ms)
			DisableScriptedObjects (0ms)
			BackupInstance (0ms)
			ReleaseScriptingObjects (0ms)
			CreateAndSetChildDomain (1ms)
		EndReloadAssembly (450ms)
			LoadAssemblies (79ms)
			RebuildTransferFunctionScriptingTraits (0ms)
			SetupTypeCache (114ms)
			ReleaseScriptCaches (0ms)
			RebuildScriptCaches (26ms)
			SetupLoadedEditorAssemblies (262ms)
				LogAssemblyErrors (0ms)
				InitializePlatformSupportModulesInManaged (8ms)
				SetLoadedEditorAssemblies (0ms)
				RefreshPlugins (72ms)
				BeforeProcessingInitializeOnLoad (2ms)
				ProcessInitializeOnLoadAttributes (130ms)
				ProcessInitializeOnLoadMethodAttributes (51ms)
				AfterProcessingInitializeOnLoad (0ms)
				EditorAssembliesLoaded (0ms)
			ExecutionOrderSort2 (0ms)
			AwakeInstancesAfterBackupRestoration (0ms)
Platform modules already initialized, skipping
Registering precompiled user dll's ...
Registered in 0.005798 seconds.
Begin MonoManager ReloadAssembly
Symbol file LoadedFromMemory doesn't match image C:\Users\multicampus\Desktop\SDC\S07P31B306\Unity\SDC_Unity\Library\PackageCache\com.unity.visualscripting@1.7.8\Editor\VisualScripting.Core\Dependencies\YamlDotNet\Unity.VisualScripting.YamlDotNet.dll
Symbol file LoadedFromMemory doesn't match image C:\Users\multicampus\Desktop\SDC\S07P31B306\Unity\SDC_Unity\Library\PackageCache\com.unity.visualscripting@1.7.8\Editor\VisualScripting.Core\Dependencies\DotNetZip\Unity.VisualScripting.IonicZip.dll
Native extension for WindowsStandalone target not found
Refreshing native plugins compatible for Editor in 0.67 ms, found 3 plugins.
Preloading 0 native plugins for Editor in 0.00 ms.
Mono: successfully reloaded assembly
- Completed reload, in  1.126 seconds
Domain Reload Profiling:
	ReloadAssembly (1127ms)
		BeginReloadAssembly (130ms)
			ExecutionOrderSort (0ms)
			DisableScriptedObjects (6ms)
			BackupInstance (0ms)
			ReleaseScriptingObjects (0ms)
			CreateAndSetChildDomain (19ms)
		EndReloadAssembly (876ms)
			LoadAssemblies (107ms)
			RebuildTransferFunctionScriptingTraits (0ms)
			SetupTypeCache (301ms)
			ReleaseScriptCaches (1ms)
			RebuildScriptCaches (49ms)
			SetupLoadedEditorAssemblies (383ms)
				LogAssemblyErrors (0ms)
				InitializePlatformSupportModulesInManaged (7ms)
				SetLoadedEditorAssemblies (1ms)
				RefreshPlugins (1ms)
				BeforeProcessingInitializeOnLoad (98ms)
				ProcessInitializeOnLoadAttributes (242ms)
				ProcessInitializeOnLoadMethodAttributes (27ms)
				AfterProcessingInitializeOnLoad (6ms)
				EditorAssembliesLoaded (0ms)
			ExecutionOrderSort2 (0ms)
			AwakeInstancesAfterBackupRestoration (7ms)
Platform modules already initialized, skipping
========================================================================
Worker process is ready to serve import requests
Launched and connected shader compiler UnityShaderCompiler.exe after 0.04 seconds
Refreshing native plugins compatible for Editor in 0.95 ms, found 3 plugins.
Preloading 0 native plugins for Editor in 0.00 ms.
Unloading 3382 Unused Serialized files (Serialized files now loaded: 0)
Unloading 25 unused Assets / (55.8 KB). Loaded Objects now: 3841.
Memory consumption went from 116.2 MB to 116.1 MB.
Total: 4.118400 ms (FindLiveObjects: 0.346100 ms CreateObjectMapping: 0.229400 ms MarkObjects: 3.443200 ms  DeleteObjects: 0.098600 ms)

AssetImportParameters requested are different than current active one (requested -> active):
  custom:video-decoder-ogg-theora: a1e56fd34408186e4bbccfd4996cb3dc -> 
  custom:container-muxer-webm: aa71ff27fc2769a1b78a27578f13a17b -> 
  custom:container-demuxer-webm: 4f35f7cbe854078d1ac9338744f61a02 -> 
  custom:video-encoder-webm-vp8: eb34c28f22e8b96e1ab97ce403110664 -> 
  custom:audio-encoder-webm-vorbis: bf7c407c2cedff20999df2af8eb42d56 -> 
  custom:framework-win-MediaFoundation: 216162199b28c13a410421893ffa2e32 -> 
  custom:container-demuxer-ogg: 62fdf1f143b41e24485cea50d1cbac27 -> 
  custom:video-decoder-webm-vp8: 9c59270c3fd7afecdb556c50c9e8de78 -> 
  custom:audio-decoder-ogg-vorbis: bf7c407c2cedff20999df2af8eb42d56 -> 
========================================================================
Received Import Request.
  Time since last request: 1072005.652618 seconds.
  path: Assets/Meterials/rubber.png
  artifactKey: Guid(d02cd21e6d06f8542bda9918f18d5ed8) Importer(815301076,1909f56bfc062723c751e8b465ee728b)
Start importing Assets/Meterials/rubber.png using Guid(d02cd21e6d06f8542bda9918f18d5ed8) Importer(815301076,1909f56bfc062723c751e8b465ee728b)  -> (artifact id: '36a77a5cea8cf81d0413f744c7fab5a9') in 0.067751 seconds 
========================================================================
Received Import Request.
  Time since last request: 39.161406 seconds.
  path: Assets/Prefebs/Pillar.prefab
  artifactKey: Guid(7d08728efa72cda4a8bf92b13ecf226f) Importer(815301076,1909f56bfc062723c751e8b465ee728b)
Start importing Assets/Prefebs/Pillar.prefab using Guid(7d08728efa72cda4a8bf92b13ecf226f) Importer(815301076,1909f56bfc062723c751e8b465ee728b)  -> (artifact id: '86a457323ef327622ce4041397c4a068') in 0.063160 seconds 
========================================================================
Received Import Request.
  Time since last request: 11.327298 seconds.
  path: Assets/Meterials
  artifactKey: Guid(afc5ae1e1dd5f7e4f9410cabcbe565e3) Importer(815301076,1909f56bfc062723c751e8b465ee728b)
Start importing Assets/Meterials using Guid(afc5ae1e1dd5f7e4f9410cabcbe565e3) Importer(815301076,1909f56bfc062723c751e8b465ee728b)  -> (artifact id: '6834a41fddb3552c73888969d6dd7f11') in 0.004265 seconds 
========================================================================
Received Import Request.
  Time since last request: 11.892217 seconds.
  path: Assets/Meterials/m_rubber.mat
  artifactKey: Guid(77df92123ab55a34cb4a26fbc75e5e06) Importer(815301076,1909f56bfc062723c751e8b465ee728b)
Start importing Assets/Meterials/m_rubber.mat using Guid(77df92123ab55a34cb4a26fbc75e5e06) Importer(815301076,1909f56bfc062723c751e8b465ee728b)  -> (artifact id: '9ab84b644015e8e7dce4988e65f4cac9') in 0.053947 seconds 
========================================================================
Received Import Request.
  Time since last request: 36.097904 seconds.
  path: Assets/Meterials/m_rubber.mat
  artifactKey: Guid(77df92123ab55a34cb4a26fbc75e5e06) Importer(815301076,1909f56bfc062723c751e8b465ee728b)
Start importing Assets/Meterials/m_rubber.mat using Guid(77df92123ab55a34cb4a26fbc75e5e06) Importer(815301076,1909f56bfc062723c751e8b465ee728b)  -> (artifact id: '9d28cceada73beacd03942a40ca37ae6') in 0.014810 seconds 
========================================================================
Received Import Request.
  Time since last request: 469.339078 seconds.
  path: Assets/Prefebs/Pillar.prefab
  artifactKey: Guid(7d08728efa72cda4a8bf92b13ecf226f) Importer(815301076,1909f56bfc062723c751e8b465ee728b)
Start importing Assets/Prefebs/Pillar.prefab using Guid(7d08728efa72cda4a8bf92b13ecf226f) Importer(815301076,1909f56bfc062723c751e8b465ee728b)  -> (artifact id: 'a122b8084db7713d3c5e60b4ead116dd') in 0.038358 seconds 
========================================================================
Received Import Request.
  Time since last request: 61.750559 seconds.
  path: Assets/Prefebs/Convayor Belt.prefab
  artifactKey: Guid(3f3cd294128bb794db417f7593e5157d) Importer(815301076,1909f56bfc062723c751e8b465ee728b)
Start importing Assets/Prefebs/Convayor Belt.prefab using Guid(3f3cd294128bb794db417f7593e5157d) Importer(815301076,1909f56bfc062723c751e8b465ee728b)  -> (artifact id: 'abded51deab32a6a49d66b1d1cba05a2') in 0.012912 seconds 
========================================================================
Received Import Request.
  Time since last request: 1.193838 seconds.
  path: Assets/Next-gen Camera/camera.FBX
  artifactKey: Guid(902925723150cae4fbb44981096dee9c) Importer(815301076,1909f56bfc062723c751e8b465ee728b)
Start importing Assets/Next-gen Camera/camera.FBX using Guid(902925723150cae4fbb44981096dee9c) Importer(815301076,1909f56bfc062723c751e8b465ee728b)  -> (artifact id: 'eac8f165fc6f2aa4aec2a5916aba6b74') in 0.134770 seconds 
========================================================================
Received Import Request.
  Time since last request: 1.050839 seconds.
  path: Assets/Next-gen Camera/Materials
  artifactKey: Guid(98eea9656f364fa41953b47440803650) Importer(815301076,1909f56bfc062723c751e8b465ee728b)
Start importing Assets/Next-gen Camera/Materials using Guid(98eea9656f364fa41953b47440803650) Importer(815301076,1909f56bfc062723c751e8b465ee728b)  -> (artifact id: 'fa4797f0291c7b7bcfa80d8b433ca423') in 0.003864 seconds 
========================================================================
Received Import Request.
  Time since last request: 500.014884 seconds.
  path: Assets/Next-gen Camera/camera.prefab
  artifactKey: Guid(09db9ea8cde56844287e21c4c9fddcb0) Importer(815301076,1909f56bfc062723c751e8b465ee728b)
Start importing Assets/Next-gen Camera/camera.prefab using Guid(09db9ea8cde56844287e21c4c9fddcb0) Importer(815301076,1909f56bfc062723c751e8b465ee728b)  -> (artifact id: 'f36f041656b6acc7100805b472a1e3de') in 0.635783 seconds 
========================================================================
Received Import Request.
  Time since last request: 22.576595 seconds.
  path: Assets/Next-gen Camera/camera.prefab
  artifactKey: Guid(09db9ea8cde56844287e21c4c9fddcb0) Importer(815301076,1909f56bfc062723c751e8b465ee728b)
Start importing Assets/Next-gen Camera/camera.prefab using Guid(09db9ea8cde56844287e21c4c9fddcb0) Importer(815301076,1909f56bfc062723c751e8b465ee728b)  -> (artifact id: '779c324b46fad038cbe9ad164e655f09') in 0.037530 seconds 
========================================================================
Received Import Request.
  Time since last request: 2.333436 seconds.
  path: Assets/Next-gen Camera/camera.prefab
  artifactKey: Guid(09db9ea8cde56844287e21c4c9fddcb0) Importer(815301076,1909f56bfc062723c751e8b465ee728b)
Start importing Assets/Next-gen Camera/camera.prefab using Guid(09db9ea8cde56844287e21c4c9fddcb0) Importer(815301076,1909f56bfc062723c751e8b465ee728b)  -> (artifact id: 'c27ee5c91089fe3ca252b60c6a351a92') in 0.028854 seconds 
========================================================================
Received Import Request.
  Time since last request: 1.796537 seconds.
  path: Assets/Next-gen Camera/camera.prefab
  artifactKey: Guid(09db9ea8cde56844287e21c4c9fddcb0) Importer(815301076,1909f56bfc062723c751e8b465ee728b)
Start importing Assets/Next-gen Camera/camera.prefab using Guid(09db9ea8cde56844287e21c4c9fddcb0) Importer(815301076,1909f56bfc062723c751e8b465ee728b)  -> (artifact id: 'bd1c8155ae1fb604f78684b7a14d7d23') in 0.036810 seconds 
========================================================================
Received Import Request.
  Time since last request: 1.568298 seconds.
  path: Assets/Next-gen Camera/camera.prefab
  artifactKey: Guid(09db9ea8cde56844287e21c4c9fddcb0) Importer(815301076,1909f56bfc062723c751e8b465ee728b)
Start importing Assets/Next-gen Camera/camera.prefab using Guid(09db9ea8cde56844287e21c4c9fddcb0) Importer(815301076,1909f56bfc062723c751e8b465ee728b)  -> (artifact id: 'e72b7a57ad6ba57a8632228f9809aac5') in 0.025864 seconds 
========================================================================
Received Import Request.
  Time since last request: 7.623295 seconds.
  path: Assets/Next-gen Camera/camera.prefab
  artifactKey: Guid(09db9ea8cde56844287e21c4c9fddcb0) Importer(815301076,1909f56bfc062723c751e8b465ee728b)
Start importing Assets/Next-gen Camera/camera.prefab using Guid(09db9ea8cde56844287e21c4c9fddcb0) Importer(815301076,1909f56bfc062723c751e8b465ee728b)  -> (artifact id: '25c9f97d56c44c7245eff814b3c8c35a') in 0.024907 seconds 
========================================================================
Received Import Request.
  Time since last request: 3.821279 seconds.
  path: Assets/Next-gen Camera/camera.prefab
  artifactKey: Guid(09db9ea8cde56844287e21c4c9fddcb0) Importer(815301076,1909f56bfc062723c751e8b465ee728b)
Start importing Assets/Next-gen Camera/camera.prefab using Guid(09db9ea8cde56844287e21c4c9fddcb0) Importer(815301076,1909f56bfc062723c751e8b465ee728b)  -> (artifact id: 'edd11fcb27afb609d52ba757de2b864d') in 0.028118 seconds 
========================================================================
Received Import Request.
  Time since last request: 6.040252 seconds.
  path: Assets/Next-gen Camera/camera.prefab
  artifactKey: Guid(09db9ea8cde56844287e21c4c9fddcb0) Importer(815301076,1909f56bfc062723c751e8b465ee728b)
Start importing Assets/Next-gen Camera/camera.prefab using Guid(09db9ea8cde56844287e21c4c9fddcb0) Importer(815301076,1909f56bfc062723c751e8b465ee728b)  -> (artifact id: '706844888b2042ebdead89d32f1f9759') in 0.026418 seconds 
========================================================================
Received Import Request.
  Time since last request: 4.590289 seconds.
  path: Assets/Next-gen Camera/camera.prefab
  artifactKey: Guid(09db9ea8cde56844287e21c4c9fddcb0) Importer(815301076,1909f56bfc062723c751e8b465ee728b)
Start importing Assets/Next-gen Camera/camera.prefab using Guid(09db9ea8cde56844287e21c4c9fddcb0) Importer(815301076,1909f56bfc062723c751e8b465ee728b)  -> (artifact id: 'bf66a85d1af818e11f10e58cf6e58ee6') in 0.024900 seconds 
========================================================================
Received Import Request.
  Time since last request: 5.828094 seconds.
  path: Assets/Next-gen Camera/camera.prefab
  artifactKey: Guid(09db9ea8cde56844287e21c4c9fddcb0) Importer(815301076,1909f56bfc062723c751e8b465ee728b)
Start importing Assets/Next-gen Camera/camera.prefab using Guid(09db9ea8cde56844287e21c4c9fddcb0) Importer(815301076,1909f56bfc062723c751e8b465ee728b)  -> (artifact id: '4671294788465d01243b51726250e0a4') in 0.029709 seconds 
========================================================================
Received Import Request.
  Time since last request: 8.859799 seconds.
  path: Assets/Next-gen Camera/camera.prefab
  artifactKey: Guid(09db9ea8cde56844287e21c4c9fddcb0) Importer(815301076,1909f56bfc062723c751e8b465ee728b)
Start importing Assets/Next-gen Camera/camera.prefab using Guid(09db9ea8cde56844287e21c4c9fddcb0) Importer(815301076,1909f56bfc062723c751e8b465ee728b)  -> (artifact id: 'b63e126a318bf4893872f073a13dfe3d') in 0.035406 seconds 
========================================================================
Received Import Request.
  Time since last request: 16.251869 seconds.
  path: Assets/Next-gen Camera/camera.prefab
  artifactKey: Guid(09db9ea8cde56844287e21c4c9fddcb0) Importer(815301076,1909f56bfc062723c751e8b465ee728b)
Start importing Assets/Next-gen Camera/camera.prefab using Guid(09db9ea8cde56844287e21c4c9fddcb0) Importer(815301076,1909f56bfc062723c751e8b465ee728b)  -> (artifact id: '0fa40b8343faa8b90e19849afc2877c7') in 0.023389 seconds 
========================================================================
Received Import Request.
  Time since last request: 5.833184 seconds.
  path: Assets/Next-gen Camera/camera.prefab
  artifactKey: Guid(09db9ea8cde56844287e21c4c9fddcb0) Importer(815301076,1909f56bfc062723c751e8b465ee728b)
Start importing Assets/Next-gen Camera/camera.prefab using Guid(09db9ea8cde56844287e21c4c9fddcb0) Importer(815301076,1909f56bfc062723c751e8b465ee728b)  -> (artifact id: '308693ee6a43be48455ca80f84bac649') in 0.034326 seconds 
========================================================================
Received Import Request.
  Time since last request: 6.195072 seconds.
  path: Assets/Next-gen Camera/camera.prefab
  artifactKey: Guid(09db9ea8cde56844287e21c4c9fddcb0) Importer(815301076,1909f56bfc062723c751e8b465ee728b)
Start importing Assets/Next-gen Camera/camera.prefab using Guid(09db9ea8cde56844287e21c4c9fddcb0) Importer(815301076,1909f56bfc062723c751e8b465ee728b)  -> (artifact id: 'ed00a7d676e84b7131bd51a95eb0372e') in 0.021699 seconds 
========================================================================
Received Import Request.
  Time since last request: 6.253050 seconds.
  path: Assets/Next-gen Camera/camera.prefab
  artifactKey: Guid(09db9ea8cde56844287e21c4c9fddcb0) Importer(815301076,1909f56bfc062723c751e8b465ee728b)
Start importing Assets/Next-gen Camera/camera.prefab using Guid(09db9ea8cde56844287e21c4c9fddcb0) Importer(815301076,1909f56bfc062723c751e8b465ee728b)  -> (artifact id: 'a0415655a845b9cef14a54b609919acd') in 0.025968 seconds 
========================================================================
Received Import Request.
  Time since last request: 1.356545 seconds.
  path: Assets/Next-gen Camera/camera.prefab
  artifactKey: Guid(09db9ea8cde56844287e21c4c9fddcb0) Importer(815301076,1909f56bfc062723c751e8b465ee728b)
Start importing Assets/Next-gen Camera/camera.prefab using Guid(09db9ea8cde56844287e21c4c9fddcb0) Importer(815301076,1909f56bfc062723c751e8b465ee728b)  -> (artifact id: '6bb7d8555f328e2cf4a0a8bc71f9528d') in 0.025648 seconds 
========================================================================
Received Import Request.
  Time since last request: 4.006021 seconds.
  path: Assets/Next-gen Camera/camera.prefab
  artifactKey: Guid(09db9ea8cde56844287e21c4c9fddcb0) Importer(815301076,1909f56bfc062723c751e8b465ee728b)
Start importing Assets/Next-gen Camera/camera.prefab using Guid(09db9ea8cde56844287e21c4c9fddcb0) Importer(815301076,1909f56bfc062723c751e8b465ee728b)  -> (artifact id: 'c5ab75d107c477287ccd15e226b4e384') in 0.024098 seconds 
========================================================================
Received Import Request.
  Time since last request: 1.575916 seconds.
  path: Assets/Next-gen Camera/camera.prefab
  artifactKey: Guid(09db9ea8cde56844287e21c4c9fddcb0) Importer(815301076,1909f56bfc062723c751e8b465ee728b)
Start importing Assets/Next-gen Camera/camera.prefab using Guid(09db9ea8cde56844287e21c4c9fddcb0) Importer(815301076,1909f56bfc062723c751e8b465ee728b)  -> (artifact id: '1f65b5c1fc2a7b7ac5a8194cd22103e1') in 0.027583 seconds 
========================================================================
Received Import Request.
  Time since last request: 5.821543 seconds.
  path: Assets/Next-gen Camera/camera.prefab
  artifactKey: Guid(09db9ea8cde56844287e21c4c9fddcb0) Importer(815301076,1909f56bfc062723c751e8b465ee728b)
Start importing Assets/Next-gen Camera/camera.prefab using Guid(09db9ea8cde56844287e21c4c9fddcb0) Importer(815301076,1909f56bfc062723c751e8b465ee728b)  -> (artifact id: 'd85085a9a75143ecb2c81f141a1ce277') in 0.026960 seconds 
========================================================================
Received Import Request.
  Time since last request: 8.812696 seconds.
  path: Assets/Next-gen Camera/camera.prefab
  artifactKey: Guid(09db9ea8cde56844287e21c4c9fddcb0) Importer(815301076,1909f56bfc062723c751e8b465ee728b)
Start importing Assets/Next-gen Camera/camera.prefab using Guid(09db9ea8cde56844287e21c4c9fddcb0) Importer(815301076,1909f56bfc062723c751e8b465ee728b)  -> (artifact id: '7504cf853f136f67d15c55049af69ca8') in 0.029630 seconds 
========================================================================
Received Import Request.
  Time since last request: 18.033026 seconds.
  path: Assets/Next-gen Camera/camera.prefab
  artifactKey: Guid(09db9ea8cde56844287e21c4c9fddcb0) Importer(815301076,1909f56bfc062723c751e8b465ee728b)
Start importing Assets/Next-gen Camera/camera.prefab using Guid(09db9ea8cde56844287e21c4c9fddcb0) Importer(815301076,1909f56bfc062723c751e8b465ee728b)  -> (artifact id: '9d7acbcb11513e2d9f7becfd1bccd42c') in 0.029317 seconds 
========================================================================
Received Import Request.
  Time since last request: 4.837938 seconds.
  path: Assets/Next-gen Camera/camera.prefab
  artifactKey: Guid(09db9ea8cde56844287e21c4c9fddcb0) Importer(815301076,1909f56bfc062723c751e8b465ee728b)
Start importing Assets/Next-gen Camera/camera.prefab using Guid(09db9ea8cde56844287e21c4c9fddcb0) Importer(815301076,1909f56bfc062723c751e8b465ee728b)  -> (artifact id: '9096264bbd41757e64a1f06dfbd4b076') in 0.028130 seconds 
========================================================================
Received Import Request.
  Time since last request: 3.184216 seconds.
  path: Assets/Next-gen Camera/camera.prefab
  artifactKey: Guid(09db9ea8cde56844287e21c4c9fddcb0) Importer(815301076,1909f56bfc062723c751e8b465ee728b)
Start importing Assets/Next-gen Camera/camera.prefab using Guid(09db9ea8cde56844287e21c4c9fddcb0) Importer(815301076,1909f56bfc062723c751e8b465ee728b)  -> (artifact id: '1dff1e71f81fd5e4b4ef4047d0d474b0') in 0.033302 seconds 
========================================================================
Received Import Request.
  Time since last request: 21.145034 seconds.
  path: Assets/Next-gen Camera/camera.prefab
  artifactKey: Guid(09db9ea8cde56844287e21c4c9fddcb0) Importer(815301076,1909f56bfc062723c751e8b465ee728b)
Start importing Assets/Next-gen Camera/camera.prefab using Guid(09db9ea8cde56844287e21c4c9fddcb0) Importer(815301076,1909f56bfc062723c751e8b465ee728b)  -> (artifact id: 'dc364eab00c6f72234dcac23b688ce00') in 0.025099 seconds 
========================================================================
Received Import Request.
  Time since last request: 9.075455 seconds.
  path: Assets/Next-gen Camera/camera.prefab
  artifactKey: Guid(09db9ea8cde56844287e21c4c9fddcb0) Importer(815301076,1909f56bfc062723c751e8b465ee728b)
Start importing Assets/Next-gen Camera/camera.prefab using Guid(09db9ea8cde56844287e21c4c9fddcb0) Importer(815301076,1909f56bfc062723c751e8b465ee728b)  -> (artifact id: 'fb4df96af318aeeae6f0598199037763') in 0.023618 seconds 
========================================================================
Received Import Request.
  Time since last request: 26.329578 seconds.
  path: Assets/Next-gen Camera/camera.prefab
  artifactKey: Guid(09db9ea8cde56844287e21c4c9fddcb0) Importer(815301076,1909f56bfc062723c751e8b465ee728b)
Start importing Assets/Next-gen Camera/camera.prefab using Guid(09db9ea8cde56844287e21c4c9fddcb0) Importer(815301076,1909f56bfc062723c751e8b465ee728b)  -> (artifact id: '4800520bc1dec61420f7c12ea01cc0eb') in 0.026269 seconds 
========================================================================
Received Import Request.
  Time since last request: 5.870700 seconds.
  path: Assets/Next-gen Camera/camera.prefab
  artifactKey: Guid(09db9ea8cde56844287e21c4c9fddcb0) Importer(815301076,1909f56bfc062723c751e8b465ee728b)
Start importing Assets/Next-gen Camera/camera.prefab using Guid(09db9ea8cde56844287e21c4c9fddcb0) Importer(815301076,1909f56bfc062723c751e8b465ee728b)  -> (artifact id: 'f27cd00fede70f8075368c4fc4d4752c') in 0.023627 seconds 
========================================================================
Received Import Request.
  Time since last request: 4.833465 seconds.
  path: Assets/Next-gen Camera/camera.prefab
  artifactKey: Guid(09db9ea8cde56844287e21c4c9fddcb0) Importer(815301076,1909f56bfc062723c751e8b465ee728b)
Start importing Assets/Next-gen Camera/camera.prefab using Guid(09db9ea8cde56844287e21c4c9fddcb0) Importer(815301076,1909f56bfc062723c751e8b465ee728b)  -> (artifact id: '24fbc6a4463ddc779eae3463f686f5f9') in 0.025866 seconds 
========================================================================
Received Import Request.
  Time since last request: 8.443427 seconds.
  path: Assets/Next-gen Camera/camera.prefab
  artifactKey: Guid(09db9ea8cde56844287e21c4c9fddcb0) Importer(815301076,1909f56bfc062723c751e8b465ee728b)
Start importing Assets/Next-gen Camera/camera.prefab using Guid(09db9ea8cde56844287e21c4c9fddcb0) Importer(815301076,1909f56bfc062723c751e8b465ee728b)  -> (artifact id: '6ec51a966d687d5c0e77c7b1a31d37ba') in 0.026933 seconds 
========================================================================
Received Import Request.
  Time since last request: 4.564098 seconds.
  path: Assets/Next-gen Camera/camera.prefab
  artifactKey: Guid(09db9ea8cde56844287e21c4c9fddcb0) Importer(815301076,1909f56bfc062723c751e8b465ee728b)
Start importing Assets/Next-gen Camera/camera.prefab using Guid(09db9ea8cde56844287e21c4c9fddcb0) Importer(815301076,1909f56bfc062723c751e8b465ee728b)  -> (artifact id: 'cb550e58313111943a0f22a9ea7aaf47') in 0.027337 seconds 
========================================================================
Received Import Request.
  Time since last request: 25.369497 seconds.
  path: Assets/Next-gen Camera/camera.prefab
  artifactKey: Guid(09db9ea8cde56844287e21c4c9fddcb0) Importer(815301076,1909f56bfc062723c751e8b465ee728b)
Start importing Assets/Next-gen Camera/camera.prefab using Guid(09db9ea8cde56844287e21c4c9fddcb0) Importer(815301076,1909f56bfc062723c751e8b465ee728b)  -> (artifact id: '2e9e250d57349e7fed2db93c583acef6') in 0.027837 seconds 
========================================================================
Received Import Request.
  Time since last request: 3.199307 seconds.
  path: Assets/Next-gen Camera/camera.prefab
  artifactKey: Guid(09db9ea8cde56844287e21c4c9fddcb0) Importer(815301076,1909f56bfc062723c751e8b465ee728b)
Start importing Assets/Next-gen Camera/camera.prefab using Guid(09db9ea8cde56844287e21c4c9fddcb0) Importer(815301076,1909f56bfc062723c751e8b465ee728b)  -> (artifact id: 'bdfc09864eaefafcca7067fed5f98d2d') in 0.025047 seconds 
========================================================================
Received Import Request.
  Time since last request: 14.132291 seconds.
  path: Assets/Next-gen Camera/camera.prefab
  artifactKey: Guid(09db9ea8cde56844287e21c4c9fddcb0) Importer(815301076,1909f56bfc062723c751e8b465ee728b)
Start importing Assets/Next-gen Camera/camera.prefab using Guid(09db9ea8cde56844287e21c4c9fddcb0) Importer(815301076,1909f56bfc062723c751e8b465ee728b)  -> (artifact id: '9786325d15cfb9334615665aac80a5a0') in 0.029973 seconds 
========================================================================
Received Import Request.
  Time since last request: 21.759310 seconds.
  path: Assets/Next-gen Camera/camera.prefab
  artifactKey: Guid(09db9ea8cde56844287e21c4c9fddcb0) Importer(815301076,1909f56bfc062723c751e8b465ee728b)
Start importing Assets/Next-gen Camera/camera.prefab using Guid(09db9ea8cde56844287e21c4c9fddcb0) Importer(815301076,1909f56bfc062723c751e8b465ee728b)  -> (artifact id: '49c1e7281bcc14dd912136f3987347bd') in 0.023524 seconds 
========================================================================
Received Import Request.
  Time since last request: 1.010201 seconds.
  path: Assets/Next-gen Camera/camera.prefab
  artifactKey: Guid(09db9ea8cde56844287e21c4c9fddcb0) Importer(815301076,1909f56bfc062723c751e8b465ee728b)
Start importing Assets/Next-gen Camera/camera.prefab using Guid(09db9ea8cde56844287e21c4c9fddcb0) Importer(815301076,1909f56bfc062723c751e8b465ee728b)  -> (artifact id: '411f316ccf4c74bbad7c5d68ef97f5df') in 0.026749 seconds 
========================================================================
Received Import Request.
  Time since last request: 2.833019 seconds.
  path: Assets/Next-gen Camera/camera.prefab
  artifactKey: Guid(09db9ea8cde56844287e21c4c9fddcb0) Importer(815301076,1909f56bfc062723c751e8b465ee728b)
Start importing Assets/Next-gen Camera/camera.prefab using Guid(09db9ea8cde56844287e21c4c9fddcb0) Importer(815301076,1909f56bfc062723c751e8b465ee728b)  -> (artifact id: 'c886c158d1ad2c9aa77da53e47b3f2dd') in 0.030059 seconds 
========================================================================
Received Import Request.
  Time since last request: 6.382850 seconds.
  path: Assets/Next-gen Camera/camera.prefab
  artifactKey: Guid(09db9ea8cde56844287e21c4c9fddcb0) Importer(815301076,1909f56bfc062723c751e8b465ee728b)
Start importing Assets/Next-gen Camera/camera.prefab using Guid(09db9ea8cde56844287e21c4c9fddcb0) Importer(815301076,1909f56bfc062723c751e8b465ee728b)  -> (artifact id: 'e9e5d61017c08a42f68c851d28eb522d') in 0.026174 seconds 
========================================================================
Received Import Request.
  Time since last request: 1.584005 seconds.
  path: Assets/Next-gen Camera/camera.prefab
  artifactKey: Guid(09db9ea8cde56844287e21c4c9fddcb0) Importer(815301076,1909f56bfc062723c751e8b465ee728b)
Start importing Assets/Next-gen Camera/camera.prefab using Guid(09db9ea8cde56844287e21c4c9fddcb0) Importer(815301076,1909f56bfc062723c751e8b465ee728b)  -> (artifact id: 'd3fa31fe67f7529bdffbccc1603a6755') in 0.023368 seconds 
========================================================================
Received Import Request.
  Time since last request: 19.524534 seconds.
  path: Assets/Next-gen Camera/camera.prefab
  artifactKey: Guid(09db9ea8cde56844287e21c4c9fddcb0) Importer(815301076,1909f56bfc062723c751e8b465ee728b)
Start importing Assets/Next-gen Camera/camera.prefab using Guid(09db9ea8cde56844287e21c4c9fddcb0) Importer(815301076,1909f56bfc062723c751e8b465ee728b)  -> (artifact id: '4c71ff596f1831a5f8fc8c22c437dc4b') in 0.024630 seconds 
========================================================================
Received Import Request.
  Time since last request: 46.471278 seconds.
  path: Assets/Next-gen Camera/camera.prefab
  artifactKey: Guid(09db9ea8cde56844287e21c4c9fddcb0) Importer(815301076,1909f56bfc062723c751e8b465ee728b)
Start importing Assets/Next-gen Camera/camera.prefab using Guid(09db9ea8cde56844287e21c4c9fddcb0) Importer(815301076,1909f56bfc062723c751e8b465ee728b)  -> (artifact id: 'f384832588faa581860c879eed2abb05') in 0.024633 seconds 
========================================================================
Received Import Request.
  Time since last request: 3.790813 seconds.
  path: Assets/Next-gen Camera/camera.prefab
  artifactKey: Guid(09db9ea8cde56844287e21c4c9fddcb0) Importer(815301076,1909f56bfc062723c751e8b465ee728b)
Start importing Assets/Next-gen Camera/camera.prefab using Guid(09db9ea8cde56844287e21c4c9fddcb0) Importer(815301076,1909f56bfc062723c751e8b465ee728b)  -> (artifact id: 'a07e2b72bc8eddf9d832338d9c632c78') in 0.031006 seconds 
========================================================================
Received Import Request.
  Time since last request: 3.230651 seconds.
  path: Assets/Next-gen Camera/camera.prefab
  artifactKey: Guid(09db9ea8cde56844287e21c4c9fddcb0) Importer(815301076,1909f56bfc062723c751e8b465ee728b)
Start importing Assets/Next-gen Camera/camera.prefab using Guid(09db9ea8cde56844287e21c4c9fddcb0) Importer(815301076,1909f56bfc062723c751e8b465ee728b)  -> (artifact id: 'ef65179c77508a1e8f64522c76493ebb') in 0.029167 seconds 
========================================================================
Received Import Request.
  Time since last request: 3.591624 seconds.
  path: Assets/Next-gen Camera/camera.prefab
  artifactKey: Guid(09db9ea8cde56844287e21c4c9fddcb0) Importer(815301076,1909f56bfc062723c751e8b465ee728b)
Start importing Assets/Next-gen Camera/camera.prefab using Guid(09db9ea8cde56844287e21c4c9fddcb0) Importer(815301076,1909f56bfc062723c751e8b465ee728b)  -> (artifact id: 'cde18fa492b3e5a75e1575820e1e3475') in 0.040243 seconds 
========================================================================
Received Import Request.
  Time since last request: 13.664021 seconds.
  path: Assets/Next-gen Camera/camera.prefab
  artifactKey: Guid(09db9ea8cde56844287e21c4c9fddcb0) Importer(815301076,1909f56bfc062723c751e8b465ee728b)
Start importing Assets/Next-gen Camera/camera.prefab using Guid(09db9ea8cde56844287e21c4c9fddcb0) Importer(815301076,1909f56bfc062723c751e8b465ee728b)  -> (artifact id: '3de844dcee4b5ce017b70abdab150706') in 0.033609 seconds 
========================================================================
Received Import Request.
  Time since last request: 123.704760 seconds.
  path: Assets/Next-gen Camera/camera.prefab
  artifactKey: Guid(09db9ea8cde56844287e21c4c9fddcb0) Importer(815301076,1909f56bfc062723c751e8b465ee728b)
Start importing Assets/Next-gen Camera/camera.prefab using Guid(09db9ea8cde56844287e21c4c9fddcb0) Importer(815301076,1909f56bfc062723c751e8b465ee728b)  -> (artifact id: 'd35432f31222420c5bdc01b53833a202') in 0.023810 seconds 
========================================================================
Received Import Request.
  Time since last request: 7.649212 seconds.
  path: Assets/Next-gen Camera/camera.prefab
  artifactKey: Guid(09db9ea8cde56844287e21c4c9fddcb0) Importer(815301076,1909f56bfc062723c751e8b465ee728b)
Start importing Assets/Next-gen Camera/camera.prefab using Guid(09db9ea8cde56844287e21c4c9fddcb0) Importer(815301076,1909f56bfc062723c751e8b465ee728b)  -> (artifact id: '2bfea4b8894d8a775613e0af85409f4d') in 0.032779 seconds 
========================================================================
Received Import Request.
  Time since last request: 3.572753 seconds.
  path: Assets/Next-gen Camera/camera.prefab
  artifactKey: Guid(09db9ea8cde56844287e21c4c9fddcb0) Importer(815301076,1909f56bfc062723c751e8b465ee728b)
Start importing Assets/Next-gen Camera/camera.prefab using Guid(09db9ea8cde56844287e21c4c9fddcb0) Importer(815301076,1909f56bfc062723c751e8b465ee728b)  -> (artifact id: '88d07b68789210910ebefc334cbb6647') in 0.027359 seconds 
========================================================================
Received Import Request.
  Time since last request: 1.195321 seconds.
  path: Assets/Next-gen Camera/camera.prefab
  artifactKey: Guid(09db9ea8cde56844287e21c4c9fddcb0) Importer(815301076,1909f56bfc062723c751e8b465ee728b)
Start importing Assets/Next-gen Camera/camera.prefab using Guid(09db9ea8cde56844287e21c4c9fddcb0) Importer(815301076,1909f56bfc062723c751e8b465ee728b)  -> (artifact id: '23e993de85b10ec4caad68ce0feba946') in 0.028980 seconds 
========================================================================
Received Import Request.
  Time since last request: 0.965142 seconds.
  path: Assets/Next-gen Camera/camera.prefab
  artifactKey: Guid(09db9ea8cde56844287e21c4c9fddcb0) Importer(815301076,1909f56bfc062723c751e8b465ee728b)
Start importing Assets/Next-gen Camera/camera.prefab using Guid(09db9ea8cde56844287e21c4c9fddcb0) Importer(815301076,1909f56bfc062723c751e8b465ee728b)  -> (artifact id: 'b0fc355fa6cd96bf47678d768faac32c') in 0.030463 seconds 
========================================================================
Received Import Request.
  Time since last request: 3.986190 seconds.
  path: Assets/Next-gen Camera/camera.prefab
  artifactKey: Guid(09db9ea8cde56844287e21c4c9fddcb0) Importer(815301076,1909f56bfc062723c751e8b465ee728b)
Start importing Assets/Next-gen Camera/camera.prefab using Guid(09db9ea8cde56844287e21c4c9fddcb0) Importer(815301076,1909f56bfc062723c751e8b465ee728b)  -> (artifact id: '8883f56b87eb76fd5083785068063056') in 0.030302 seconds 
========================================================================
Received Import Request.
  Time since last request: 2.395655 seconds.
  path: Assets/Next-gen Camera/camera.prefab
  artifactKey: Guid(09db9ea8cde56844287e21c4c9fddcb0) Importer(815301076,1909f56bfc062723c751e8b465ee728b)
Start importing Assets/Next-gen Camera/camera.prefab using Guid(09db9ea8cde56844287e21c4c9fddcb0) Importer(815301076,1909f56bfc062723c751e8b465ee728b)  -> (artifact id: 'b8ca25caaf83b440235fa36150163ecc') in 0.027626 seconds 
========================================================================
Received Import Request.
  Time since last request: 0.961219 seconds.
  path: Assets/Next-gen Camera/camera.prefab
  artifactKey: Guid(09db9ea8cde56844287e21c4c9fddcb0) Importer(815301076,1909f56bfc062723c751e8b465ee728b)
Start importing Assets/Next-gen Camera/camera.prefab using Guid(09db9ea8cde56844287e21c4c9fddcb0) Importer(815301076,1909f56bfc062723c751e8b465ee728b)  -> (artifact id: 'dbc5ab342401a21bb771ff4a23f06a5f') in 0.026723 seconds 
========================================================================
Received Import Request.
  Time since last request: 8.879682 seconds.
  path: Assets/Next-gen Camera/camera.prefab
  artifactKey: Guid(09db9ea8cde56844287e21c4c9fddcb0) Importer(815301076,1909f56bfc062723c751e8b465ee728b)
Start importing Assets/Next-gen Camera/camera.prefab using Guid(09db9ea8cde56844287e21c4c9fddcb0) Importer(815301076,1909f56bfc062723c751e8b465ee728b)  -> (artifact id: '9750d78f53cc16cf9e47a261ff009509') in 0.055751 seconds 
========================================================================
Received Import Request.
  Time since last request: 14.073802 seconds.
  path: Assets/Next-gen Camera/camera.prefab
  artifactKey: Guid(09db9ea8cde56844287e21c4c9fddcb0) Importer(815301076,1909f56bfc062723c751e8b465ee728b)
Start importing Assets/Next-gen Camera/camera.prefab using Guid(09db9ea8cde56844287e21c4c9fddcb0) Importer(815301076,1909f56bfc062723c751e8b465ee728b)  -> (artifact id: 'b58373808ef7ee7f0878d60e3313dc24') in 0.021733 seconds 
========================================================================
Received Import Request.
  Time since last request: 3.406287 seconds.
  path: Assets/Next-gen Camera/camera.prefab
  artifactKey: Guid(09db9ea8cde56844287e21c4c9fddcb0) Importer(815301076,1909f56bfc062723c751e8b465ee728b)
Start importing Assets/Next-gen Camera/camera.prefab using Guid(09db9ea8cde56844287e21c4c9fddcb0) Importer(815301076,1909f56bfc062723c751e8b465ee728b)  -> (artifact id: 'f23117dc492767807d26b27077f58973') in 0.032896 seconds 
========================================================================
Received Import Request.
  Time since last request: 2.376997 seconds.
  path: Assets/Next-gen Camera/camera.prefab
  artifactKey: Guid(09db9ea8cde56844287e21c4c9fddcb0) Importer(815301076,1909f56bfc062723c751e8b465ee728b)
Start importing Assets/Next-gen Camera/camera.prefab using Guid(09db9ea8cde56844287e21c4c9fddcb0) Importer(815301076,1909f56bfc062723c751e8b465ee728b)  -> (artifact id: '1bf54ef3f7f56be95178000ee21d104d') in 0.024640 seconds 
========================================================================
Received Import Request.
  Time since last request: 18.314122 seconds.
  path: Assets/Next-gen Camera/camera.prefab
  artifactKey: Guid(09db9ea8cde56844287e21c4c9fddcb0) Importer(815301076,1909f56bfc062723c751e8b465ee728b)
Start importing Assets/Next-gen Camera/camera.prefab using Guid(09db9ea8cde56844287e21c4c9fddcb0) Importer(815301076,1909f56bfc062723c751e8b465ee728b)  -> (artifact id: '3b056d5e96f2d1f3c34a746261006e96') in 0.021703 seconds 
========================================================================
Received Import Request.
  Time since last request: 3.997040 seconds.
  path: Assets/Next-gen Camera/camera.prefab
  artifactKey: Guid(09db9ea8cde56844287e21c4c9fddcb0) Importer(815301076,1909f56bfc062723c751e8b465ee728b)
Start importing Assets/Next-gen Camera/camera.prefab using Guid(09db9ea8cde56844287e21c4c9fddcb0) Importer(815301076,1909f56bfc062723c751e8b465ee728b)  -> (artifact id: '3a5b69b7702b4d3e51240761ca7a1dc1') in 0.028604 seconds 
========================================================================
Received Import Request.
  Time since last request: 12.653358 seconds.
  path: Assets/Next-gen Camera/camera.prefab
  artifactKey: Guid(09db9ea8cde56844287e21c4c9fddcb0) Importer(815301076,1909f56bfc062723c751e8b465ee728b)
Start importing Assets/Next-gen Camera/camera.prefab using Guid(09db9ea8cde56844287e21c4c9fddcb0) Importer(815301076,1909f56bfc062723c751e8b465ee728b)  -> (artifact id: '673ad8bed90fb2d196e6304a876a9112') in 0.024930 seconds 
========================================================================
Received Import Request.
  Time since last request: 32.527200 seconds.
  path: Assets/Next-gen Camera/camera.prefab
  artifactKey: Guid(09db9ea8cde56844287e21c4c9fddcb0) Importer(815301076,1909f56bfc062723c751e8b465ee728b)
Start importing Assets/Next-gen Camera/camera.prefab using Guid(09db9ea8cde56844287e21c4c9fddcb0) Importer(815301076,1909f56bfc062723c751e8b465ee728b)  -> (artifact id: '61bd73962de06108aeeae0816ce3f9e3') in 0.026999 seconds 
========================================================================
Received Import Request.
  Time since last request: 49.180711 seconds.
  path: Assets/Next-gen Camera/camera.prefab
  artifactKey: Guid(09db9ea8cde56844287e21c4c9fddcb0) Importer(815301076,1909f56bfc062723c751e8b465ee728b)
Start importing Assets/Next-gen Camera/camera.prefab using Guid(09db9ea8cde56844287e21c4c9fddcb0) Importer(815301076,1909f56bfc062723c751e8b465ee728b)  -> (artifact id: '0a114034a4b85bc5d4fd40db68d11393') in 0.027299 seconds 
========================================================================
Received Import Request.
  Time since last request: 11.624158 seconds.
  path: Assets/Next-gen Camera/camera.prefab
  artifactKey: Guid(09db9ea8cde56844287e21c4c9fddcb0) Importer(815301076,1909f56bfc062723c751e8b465ee728b)
Start importing Assets/Next-gen Camera/camera.prefab using Guid(09db9ea8cde56844287e21c4c9fddcb0) Importer(815301076,1909f56bfc062723c751e8b465ee728b)  -> (artifact id: 'b1d6c074efa5e0adb41b5aafdd2ce234') in 0.022652 seconds 
========================================================================
Received Import Request.
  Time since last request: 188.255406 seconds.
  path: Assets/Next-gen Camera/camera.prefab
  artifactKey: Guid(09db9ea8cde56844287e21c4c9fddcb0) Importer(815301076,1909f56bfc062723c751e8b465ee728b)
Start importing Assets/Next-gen Camera/camera.prefab using Guid(09db9ea8cde56844287e21c4c9fddcb0) Importer(815301076,1909f56bfc062723c751e8b465ee728b)  -> (artifact id: 'e074d6f52da98f59172b25d8a9b18011') in 0.032318 seconds 
========================================================================
Received Import Request.
  Time since last request: 11.652347 seconds.
  path: Assets/Next-gen Camera/camera.prefab
  artifactKey: Guid(09db9ea8cde56844287e21c4c9fddcb0) Importer(815301076,1909f56bfc062723c751e8b465ee728b)
Start importing Assets/Next-gen Camera/camera.prefab using Guid(09db9ea8cde56844287e21c4c9fddcb0) Importer(815301076,1909f56bfc062723c751e8b465ee728b)  -> (artifact id: '9b1d4dd65ea3c37a055a0300247f039f') in 0.023835 seconds 
========================================================================
Received Import Request.
  Time since last request: 17.524213 seconds.
  path: Assets/Next-gen Camera/camera.prefab
  artifactKey: Guid(09db9ea8cde56844287e21c4c9fddcb0) Importer(815301076,1909f56bfc062723c751e8b465ee728b)
Start importing Assets/Next-gen Camera/camera.prefab using Guid(09db9ea8cde56844287e21c4c9fddcb0) Importer(815301076,1909f56bfc062723c751e8b465ee728b)  -> (artifact id: '22c9692de050ff48aa697e77616e1d44') in 0.051357 seconds 
========================================================================
Received Import Request.
  Time since last request: 89.845287 seconds.
  path: Assets/Next-gen Camera/camera.prefab
  artifactKey: Guid(09db9ea8cde56844287e21c4c9fddcb0) Importer(815301076,1909f56bfc062723c751e8b465ee728b)
Start importing Assets/Next-gen Camera/camera.prefab using Guid(09db9ea8cde56844287e21c4c9fddcb0) Importer(815301076,1909f56bfc062723c751e8b465ee728b)  -> (artifact id: 'efdddc79d0d95bc2feef689c29b80072') in 0.029296 seconds 
========================================================================
Received Import Request.
  Time since last request: 18.961726 seconds.
  path: Assets/Next-gen Camera/camera.prefab
  artifactKey: Guid(09db9ea8cde56844287e21c4c9fddcb0) Importer(815301076,1909f56bfc062723c751e8b465ee728b)
Start importing Assets/Next-gen Camera/camera.prefab using Guid(09db9ea8cde56844287e21c4c9fddcb0) Importer(815301076,1909f56bfc062723c751e8b465ee728b)  -> (artifact id: '61b628ab0bc40f2de4fe2a8f802ea462') in 0.026633 seconds 
========================================================================
Received Import Request.
  Time since last request: 11.475281 seconds.
  path: Assets/Next-gen Camera/camera.prefab
  artifactKey: Guid(09db9ea8cde56844287e21c4c9fddcb0) Importer(815301076,1909f56bfc062723c751e8b465ee728b)
Start importing Assets/Next-gen Camera/camera.prefab using Guid(09db9ea8cde56844287e21c4c9fddcb0) Importer(815301076,1909f56bfc062723c751e8b465ee728b)  -> (artifact id: 'ca416ee8e1569818dc4915b1d03b4e93') in 0.034658 seconds 
========================================================================
Received Import Request.
  Time since last request: 41.635087 seconds.
  path: Assets/Next-gen Camera/camera.prefab
  artifactKey: Guid(09db9ea8cde56844287e21c4c9fddcb0) Importer(815301076,1909f56bfc062723c751e8b465ee728b)
Start importing Assets/Next-gen Camera/camera.prefab using Guid(09db9ea8cde56844287e21c4c9fddcb0) Importer(815301076,1909f56bfc062723c751e8b465ee728b)  -> (artifact id: 'f2ca7ea54bba9ea2d9de9daffba9eeaf') in 0.034614 seconds 
========================================================================
Received Import Request.
  Time since last request: 33.223466 seconds.
  path: Assets/Next-gen Camera/camera.prefab
  artifactKey: Guid(09db9ea8cde56844287e21c4c9fddcb0) Importer(815301076,1909f56bfc062723c751e8b465ee728b)
Start importing Assets/Next-gen Camera/camera.prefab using Guid(09db9ea8cde56844287e21c4c9fddcb0) Importer(815301076,1909f56bfc062723c751e8b465ee728b)  -> (artifact id: '5508d5f32f20aab3f058a5886d60be0c') in 0.025476 seconds 
========================================================================
Received Import Request.
  Time since last request: 2.779858 seconds.
  path: Assets/Next-gen Camera/camera.prefab
  artifactKey: Guid(09db9ea8cde56844287e21c4c9fddcb0) Importer(815301076,1909f56bfc062723c751e8b465ee728b)
Start importing Assets/Next-gen Camera/camera.prefab using Guid(09db9ea8cde56844287e21c4c9fddcb0) Importer(815301076,1909f56bfc062723c751e8b465ee728b)  -> (artifact id: '45d28e09f58eaef7f55259a5d5e8be88') in 0.026218 seconds 
========================================================================
Received Import Request.
  Time since last request: 16.063713 seconds.
  path: Assets/Next-gen Camera/camera.prefab
  artifactKey: Guid(09db9ea8cde56844287e21c4c9fddcb0) Importer(815301076,1909f56bfc062723c751e8b465ee728b)
Start importing Assets/Next-gen Camera/camera.prefab using Guid(09db9ea8cde56844287e21c4c9fddcb0) Importer(815301076,1909f56bfc062723c751e8b465ee728b)  -> (artifact id: 'df451215c56c3b8294babb13d1954f56') in 0.028962 seconds 
========================================================================
Received Import Request.
  Time since last request: 63.197038 seconds.
  path: Assets/Next-gen Camera/camera.prefab
  artifactKey: Guid(09db9ea8cde56844287e21c4c9fddcb0) Importer(815301076,1909f56bfc062723c751e8b465ee728b)
Start importing Assets/Next-gen Camera/camera.prefab using Guid(09db9ea8cde56844287e21c4c9fddcb0) Importer(815301076,1909f56bfc062723c751e8b465ee728b)  -> (artifact id: '2d6326daed1809b0312db16850fc8c8e') in 0.023953 seconds 
========================================================================
Received Import Request.
  Time since last request: 7.471017 seconds.
  path: Assets/Next-gen Camera/camera.prefab
  artifactKey: Guid(09db9ea8cde56844287e21c4c9fddcb0) Importer(815301076,1909f56bfc062723c751e8b465ee728b)
Start importing Assets/Next-gen Camera/camera.prefab using Guid(09db9ea8cde56844287e21c4c9fddcb0) Importer(815301076,1909f56bfc062723c751e8b465ee728b)  -> (artifact id: '413a862a4aabfeada0f287dc7df7c00c') in 0.028980 seconds 
========================================================================
Received Import Request.
  Time since last request: 30.574506 seconds.
  path: Assets/Next-gen Camera/camera.prefab
  artifactKey: Guid(09db9ea8cde56844287e21c4c9fddcb0) Importer(815301076,1909f56bfc062723c751e8b465ee728b)
Start importing Assets/Next-gen Camera/camera.prefab using Guid(09db9ea8cde56844287e21c4c9fddcb0) Importer(815301076,1909f56bfc062723c751e8b465ee728b)  -> (artifact id: '81d8901b4c7053450b1e227703e9aa6e') in 0.024931 seconds 
========================================================================
Received Import Request.
  Time since last request: 4.425362 seconds.
  path: Assets/Next-gen Camera/camera.prefab
  artifactKey: Guid(09db9ea8cde56844287e21c4c9fddcb0) Importer(815301076,1909f56bfc062723c751e8b465ee728b)
Start importing Assets/Next-gen Camera/camera.prefab using Guid(09db9ea8cde56844287e21c4c9fddcb0) Importer(815301076,1909f56bfc062723c751e8b465ee728b)  -> (artifact id: '81091ed6ef0ef82aed10317a8e3f464b') in 0.049322 seconds 
========================================================================
Received Import Request.
  Time since last request: 5.189902 seconds.
  path: Assets/Next-gen Camera/camera.prefab
  artifactKey: Guid(09db9ea8cde56844287e21c4c9fddcb0) Importer(815301076,1909f56bfc062723c751e8b465ee728b)
Start importing Assets/Next-gen Camera/camera.prefab using Guid(09db9ea8cde56844287e21c4c9fddcb0) Importer(815301076,1909f56bfc062723c751e8b465ee728b)  -> (artifact id: 'bcb3411659d8f67b60ba01ba57ab4dfe') in 0.036234 seconds 
========================================================================
Received Import Request.
  Time since last request: 3.768671 seconds.
  path: Assets/Next-gen Camera/camera.prefab
  artifactKey: Guid(09db9ea8cde56844287e21c4c9fddcb0) Importer(815301076,1909f56bfc062723c751e8b465ee728b)
Start importing Assets/Next-gen Camera/camera.prefab using Guid(09db9ea8cde56844287e21c4c9fddcb0) Importer(815301076,1909f56bfc062723c751e8b465ee728b)  -> (artifact id: '26b9c8bc57a05a8b3becd2802137d44a') in 0.030233 seconds 
========================================================================
Received Import Request.
  Time since last request: 21.210508 seconds.
  path: Assets/Next-gen Camera/camera.prefab
  artifactKey: Guid(09db9ea8cde56844287e21c4c9fddcb0) Importer(815301076,1909f56bfc062723c751e8b465ee728b)
Start importing Assets/Next-gen Camera/camera.prefab using Guid(09db9ea8cde56844287e21c4c9fddcb0) Importer(815301076,1909f56bfc062723c751e8b465ee728b)  -> (artifact id: '691b4eace859bb4997a4f426fa9ef3f1') in 0.024776 seconds 
========================================================================
Received Import Request.
  Time since last request: 6.016831 seconds.
  path: Assets/Next-gen Camera/camera.prefab
  artifactKey: Guid(09db9ea8cde56844287e21c4c9fddcb0) Importer(815301076,1909f56bfc062723c751e8b465ee728b)
Start importing Assets/Next-gen Camera/camera.prefab using Guid(09db9ea8cde56844287e21c4c9fddcb0) Importer(815301076,1909f56bfc062723c751e8b465ee728b)  -> (artifact id: 'f0a04aef6ab8239684b53f7c1c50f10c') in 0.023956 seconds 
========================================================================
Received Import Request.
  Time since last request: 6.222515 seconds.
  path: Assets/Next-gen Camera/camera.prefab
  artifactKey: Guid(09db9ea8cde56844287e21c4c9fddcb0) Importer(815301076,1909f56bfc062723c751e8b465ee728b)
Start importing Assets/Next-gen Camera/camera.prefab using Guid(09db9ea8cde56844287e21c4c9fddcb0) Importer(815301076,1909f56bfc062723c751e8b465ee728b)  -> (artifact id: 'fed9bd0e349aca5fb749eeb9c0849002') in 0.028597 seconds 
========================================================================
Received Import Request.
  Time since last request: 3.018693 seconds.
  path: Assets/Next-gen Camera/camera.prefab
  artifactKey: Guid(09db9ea8cde56844287e21c4c9fddcb0) Importer(815301076,1909f56bfc062723c751e8b465ee728b)
Start importing Assets/Next-gen Camera/camera.prefab using Guid(09db9ea8cde56844287e21c4c9fddcb0) Importer(815301076,1909f56bfc062723c751e8b465ee728b)  -> (artifact id: 'b17a0a5afd529dd0fb0a86eb0ca26e16') in 0.036792 seconds 
========================================================================
Received Import Request.
  Time since last request: 34.234668 seconds.
  path: Assets/Next-gen Camera/camera.prefab
  artifactKey: Guid(09db9ea8cde56844287e21c4c9fddcb0) Importer(815301076,1909f56bfc062723c751e8b465ee728b)
Start importing Assets/Next-gen Camera/camera.prefab using Guid(09db9ea8cde56844287e21c4c9fddcb0) Importer(815301076,1909f56bfc062723c751e8b465ee728b)  -> (artifact id: 'cf5b991a6a0bc41e1725ea23fd532412') in 0.039581 seconds 
========================================================================
Received Import Request.
  Time since last request: 2.967005 seconds.
  path: Assets/Next-gen Camera/camera.prefab
  artifactKey: Guid(09db9ea8cde56844287e21c4c9fddcb0) Importer(815301076,1909f56bfc062723c751e8b465ee728b)
Start importing Assets/Next-gen Camera/camera.prefab using Guid(09db9ea8cde56844287e21c4c9fddcb0) Importer(815301076,1909f56bfc062723c751e8b465ee728b)  -> (artifact id: 'd87ab41610c9bd0c4f1329c1b03ece5e') in 0.035927 seconds 
========================================================================
Received Import Request.
  Time since last request: 7.434248 seconds.
  path: Assets/Next-gen Camera/camera.prefab
  artifactKey: Guid(09db9ea8cde56844287e21c4c9fddcb0) Importer(815301076,1909f56bfc062723c751e8b465ee728b)
Start importing Assets/Next-gen Camera/camera.prefab using Guid(09db9ea8cde56844287e21c4c9fddcb0) Importer(815301076,1909f56bfc062723c751e8b465ee728b)  -> (artifact id: '3e1fb33942e226b0ec40699c5d7a2fa6') in 0.029186 seconds 
========================================================================
Received Import Request.
  Time since last request: 3.183848 seconds.
  path: Assets/Next-gen Camera/camera.prefab
  artifactKey: Guid(09db9ea8cde56844287e21c4c9fddcb0) Importer(815301076,1909f56bfc062723c751e8b465ee728b)
Start importing Assets/Next-gen Camera/camera.prefab using Guid(09db9ea8cde56844287e21c4c9fddcb0) Importer(815301076,1909f56bfc062723c751e8b465ee728b)  -> (artifact id: 'ff5993cc787c0d495811e64abc161f08') in 0.029055 seconds 
========================================================================
Received Prepare
Registering precompiled user dll's ...
Registered in 0.006300 seconds.
Begin MonoManager ReloadAssembly
Symbol file LoadedFromMemory doesn't match image C:\Users\multicampus\Desktop\SDC\S07P31B306\Unity\SDC_Unity\Library\PackageCache\com.unity.visualscripting@1.7.8\Editor\VisualScripting.Core\Dependencies\YamlDotNet\Unity.VisualScripting.YamlDotNet.dll
Symbol file LoadedFromMemory doesn't match image C:\Users\multicampus\Desktop\SDC\S07P31B306\Unity\SDC_Unity\Library\PackageCache\com.unity.visualscripting@1.7.8\Editor\VisualScripting.Core\Dependencies\DotNetZip\Unity.VisualScripting.IonicZip.dll
Native extension for WindowsStandalone target not found
Refreshing native plugins compatible for Editor in 0.92 ms, found 3 plugins.
Preloading 0 native plugins for Editor in 0.00 ms.
Mono: successfully reloaded assembly
- Completed reload, in  1.336 seconds
Domain Reload Profiling:
	ReloadAssembly (1337ms)
		BeginReloadAssembly (172ms)
			ExecutionOrderSort (0ms)
			DisableScriptedObjects (6ms)
			BackupInstance (0ms)
			ReleaseScriptingObjects (0ms)
			CreateAndSetChildDomain (41ms)
		EndReloadAssembly (1049ms)
			LoadAssemblies (126ms)
			RebuildTransferFunctionScriptingTraits (0ms)
			SetupTypeCache (377ms)
			ReleaseScriptCaches (1ms)
			RebuildScriptCaches (53ms)
			SetupLoadedEditorAssemblies (448ms)
				LogAssemblyErrors (0ms)
				InitializePlatformSupportModulesInManaged (26ms)
				SetLoadedEditorAssemblies (1ms)
				RefreshPlugins (1ms)
				BeforeProcessingInitializeOnLoad (92ms)
				ProcessInitializeOnLoadAttributes (280ms)
				ProcessInitializeOnLoadMethodAttributes (39ms)
				AfterProcessingInitializeOnLoad (9ms)
				EditorAssembliesLoaded (0ms)
			ExecutionOrderSort2 (0ms)
			AwakeInstancesAfterBackupRestoration (9ms)
Platform modules already initialized, skipping
Refreshing native plugins compatible for Editor in 2.46 ms, found 3 plugins.
Preloading 0 native plugins for Editor in 0.00 ms.
Unloading 3375 Unused Serialized files (Serialized files now loaded: 0)
Unloading 19 unused Assets / (24.6 KB). Loaded Objects now: 3892.
Memory consumption went from 121.3 MB to 121.3 MB.
Total: 3.197600 ms (FindLiveObjects: 0.295400 ms CreateObjectMapping: 0.185800 ms MarkObjects: 2.671600 ms  DeleteObjects: 0.043900 ms)

AssetImportParameters requested are different than current active one (requested -> active):
  custom:video-decoder-ogg-theora: a1e56fd34408186e4bbccfd4996cb3dc -> 
  custom:container-muxer-webm: aa71ff27fc2769a1b78a27578f13a17b -> 
  custom:container-demuxer-webm: 4f35f7cbe854078d1ac9338744f61a02 -> 
  custom:video-encoder-webm-vp8: eb34c28f22e8b96e1ab97ce403110664 -> 
  custom:audio-encoder-webm-vorbis: bf7c407c2cedff20999df2af8eb42d56 -> 
  custom:framework-win-MediaFoundation: 216162199b28c13a410421893ffa2e32 -> 
  custom:container-demuxer-ogg: 62fdf1f143b41e24485cea50d1cbac27 -> 
  custom:video-decoder-webm-vp8: 9c59270c3fd7afecdb556c50c9e8de78 -> 
  custom:audio-decoder-ogg-vorbis: bf7c407c2cedff20999df2af8eb42d56 -> 
========================================================================
Received Prepare
Registering precompiled user dll's ...
Registered in 0.006171 seconds.
Begin MonoManager ReloadAssembly
Symbol file LoadedFromMemory doesn't match image C:\Users\multicampus\Desktop\SDC\S07P31B306\Unity\SDC_Unity\Library\PackageCache\com.unity.visualscripting@1.7.8\Editor\VisualScripting.Core\Dependencies\YamlDotNet\Unity.VisualScripting.YamlDotNet.dll
Symbol file LoadedFromMemory doesn't match image C:\Users\multicampus\Desktop\SDC\S07P31B306\Unity\SDC_Unity\Library\PackageCache\com.unity.visualscripting@1.7.8\Editor\VisualScripting.Core\Dependencies\DotNetZip\Unity.VisualScripting.IonicZip.dll
Native extension for WindowsStandalone target not found
Refreshing native plugins compatible for Editor in 0.71 ms, found 3 plugins.
Preloading 0 native plugins for Editor in 0.00 ms.
Mono: successfully reloaded assembly
- Completed reload, in  1.258 seconds
Domain Reload Profiling:
	ReloadAssembly (1258ms)
		BeginReloadAssembly (154ms)
			ExecutionOrderSort (0ms)
			DisableScriptedObjects (7ms)
			BackupInstance (0ms)
			ReleaseScriptingObjects (0ms)
			CreateAndSetChildDomain (32ms)
		EndReloadAssembly (982ms)
			LoadAssemblies (110ms)
			RebuildTransferFunctionScriptingTraits (0ms)
			SetupTypeCache (341ms)
			ReleaseScriptCaches (2ms)
			RebuildScriptCaches (59ms)
			SetupLoadedEditorAssemblies (428ms)
				LogAssemblyErrors (0ms)
				InitializePlatformSupportModulesInManaged (16ms)
				SetLoadedEditorAssemblies (1ms)
				RefreshPlugins (1ms)
				BeforeProcessingInitializeOnLoad (82ms)
				ProcessInitializeOnLoadAttributes (281ms)
				ProcessInitializeOnLoadMethodAttributes (39ms)
				AfterProcessingInitializeOnLoad (8ms)
				EditorAssembliesLoaded (0ms)
			ExecutionOrderSort2 (0ms)
			AwakeInstancesAfterBackupRestoration (9ms)
Platform modules already initialized, skipping
Refreshing native plugins compatible for Editor in 2.55 ms, found 3 plugins.
Preloading 0 native plugins for Editor in 0.00 ms.
Unloading 3375 Unused Serialized files (Serialized files now loaded: 0)
Unloading 18 unused Assets / (24.7 KB). Loaded Objects now: 3895.
Memory consumption went from 121.3 MB to 121.3 MB.
Total: 3.498700 ms (FindLiveObjects: 0.285000 ms CreateObjectMapping: 0.162600 ms MarkObjects: 3.013500 ms  DeleteObjects: 0.036700 ms)

AssetImportParameters requested are different than current active one (requested -> active):
  custom:video-decoder-ogg-theora: a1e56fd34408186e4bbccfd4996cb3dc -> 
  custom:container-muxer-webm: aa71ff27fc2769a1b78a27578f13a17b -> 
  custom:container-demuxer-webm: 4f35f7cbe854078d1ac9338744f61a02 -> 
  custom:video-encoder-webm-vp8: eb34c28f22e8b96e1ab97ce403110664 -> 
  custom:audio-encoder-webm-vorbis: bf7c407c2cedff20999df2af8eb42d56 -> 
  custom:framework-win-MediaFoundation: 216162199b28c13a410421893ffa2e32 -> 
  custom:container-demuxer-ogg: 62fdf1f143b41e24485cea50d1cbac27 -> 
  custom:video-decoder-webm-vp8: 9c59270c3fd7afecdb556c50c9e8de78 -> 
  custom:audio-decoder-ogg-vorbis: bf7c407c2cedff20999df2af8eb42d56 -> 
========================================================================
Received Prepare
Registering precompiled user dll's ...
Registered in 0.006179 seconds.
Begin MonoManager ReloadAssembly
Symbol file LoadedFromMemory doesn't match image C:\Users\multicampus\Desktop\SDC\S07P31B306\Unity\SDC_Unity\Library\PackageCache\com.unity.visualscripting@1.7.8\Editor\VisualScripting.Core\Dependencies\YamlDotNet\Unity.VisualScripting.YamlDotNet.dll
Symbol file LoadedFromMemory doesn't match image C:\Users\multicampus\Desktop\SDC\S07P31B306\Unity\SDC_Unity\Library\PackageCache\com.unity.visualscripting@1.7.8\Editor\VisualScripting.Core\Dependencies\DotNetZip\Unity.VisualScripting.IonicZip.dll
Native extension for WindowsStandalone target not found
Refreshing native plugins compatible for Editor in 0.69 ms, found 3 plugins.
Preloading 0 native plugins for Editor in 0.00 ms.
Mono: successfully reloaded assembly
- Completed reload, in  1.291 seconds
Domain Reload Profiling:
	ReloadAssembly (1291ms)
		BeginReloadAssembly (158ms)
			ExecutionOrderSort (0ms)
			DisableScriptedObjects (6ms)
			BackupInstance (0ms)
			ReleaseScriptingObjects (0ms)
			CreateAndSetChildDomain (37ms)
		EndReloadAssembly (1015ms)
			LoadAssemblies (110ms)
			RebuildTransferFunctionScriptingTraits (0ms)
			SetupTypeCache (341ms)
			ReleaseScriptCaches (1ms)
			RebuildScriptCaches (52ms)
			SetupLoadedEditorAssemblies (466ms)
				LogAssemblyErrors (0ms)
				InitializePlatformSupportModulesInManaged (22ms)
				SetLoadedEditorAssemblies (1ms)
				RefreshPlugins (1ms)
				BeforeProcessingInitializeOnLoad (112ms)
				ProcessInitializeOnLoadAttributes (287ms)
				ProcessInitializeOnLoadMethodAttributes (36ms)
				AfterProcessingInitializeOnLoad (8ms)
				EditorAssembliesLoaded (0ms)
			ExecutionOrderSort2 (0ms)
			AwakeInstancesAfterBackupRestoration (9ms)
Platform modules already initialized, skipping
Refreshing native plugins compatible for Editor in 2.21 ms, found 3 plugins.
Preloading 0 native plugins for Editor in 0.00 ms.
Unloading 3375 Unused Serialized files (Serialized files now loaded: 0)
Unloading 18 unused Assets / (24.6 KB). Loaded Objects now: 3898.
Memory consumption went from 121.3 MB to 121.3 MB.
Total: 3.450600 ms (FindLiveObjects: 0.280900 ms CreateObjectMapping: 0.182400 ms MarkObjects: 2.956900 ms  DeleteObjects: 0.029500 ms)

AssetImportParameters requested are different than current active one (requested -> active):
  custom:video-decoder-ogg-theora: a1e56fd34408186e4bbccfd4996cb3dc -> 
  custom:container-muxer-webm: aa71ff27fc2769a1b78a27578f13a17b -> 
  custom:container-demuxer-webm: 4f35f7cbe854078d1ac9338744f61a02 -> 
  custom:video-encoder-webm-vp8: eb34c28f22e8b96e1ab97ce403110664 -> 
  custom:audio-encoder-webm-vorbis: bf7c407c2cedff20999df2af8eb42d56 -> 
  custom:framework-win-MediaFoundation: 216162199b28c13a410421893ffa2e32 -> 
  custom:container-demuxer-ogg: 62fdf1f143b41e24485cea50d1cbac27 -> 
  custom:video-decoder-webm-vp8: 9c59270c3fd7afecdb556c50c9e8de78 -> 
  custom:audio-decoder-ogg-vorbis: bf7c407c2cedff20999df2af8eb42d56 -> 
========================================================================
Received Import Request.
  Time since last request: 375.202414 seconds.
  path: Assets/Next-gen Camera/Materials/Camera.mat
  artifactKey: Guid(0abf123e11edf60439147816e4337c9a) Importer(815301076,1909f56bfc062723c751e8b465ee728b)
Start importing Assets/Next-gen Camera/Materials/Camera.mat using Guid(0abf123e11edf60439147816e4337c9a) Importer(815301076,1909f56bfc062723c751e8b465ee728b)  -> (artifact id: 'd1e3f4326daca500aa47c7e666091409') in 0.089654 seconds 
========================================================================
Received Import Request.
  Time since last request: 0.000018 seconds.
  path: Assets/Next-gen Camera/Materials/Screen_glass.mat
  artifactKey: Guid(65bbb4ac547101c4cb9f7f4d2ab56b41) Importer(815301076,1909f56bfc062723c751e8b465ee728b)
Start importing Assets/Next-gen Camera/Materials/Screen_glass.mat using Guid(65bbb4ac547101c4cb9f7f4d2ab56b41) Importer(815301076,1909f56bfc062723c751e8b465ee728b)  -> (artifact id: '2059618b890482bf9a8fdee82e17a02c') in 0.019167 seconds 
========================================================================
Received Import Request.
  Time since last request: 8.438919 seconds.
  path: Assets/Next-gen Camera/Textures
  artifactKey: Guid(45e833b7661860c4e826502f4099dc61) Importer(815301076,1909f56bfc062723c751e8b465ee728b)
Start importing Assets/Next-gen Camera/Textures using Guid(45e833b7661860c4e826502f4099dc61) Importer(815301076,1909f56bfc062723c751e8b465ee728b)  -> (artifact id: 'c867f61523a06ed898d18e2df9fdd3cd') in 0.003536 seconds 
========================================================================
Received Import Request.
  Time since last request: 0.318234 seconds.
  path: Assets/Next-gen Camera/Textures/camera_ao.psd
  artifactKey: Guid(f0de48ebd0c77214c9e20f753a86dad5) Importer(815301076,1909f56bfc062723c751e8b465ee728b)
Start importing Assets/Next-gen Camera/Textures/camera_ao.psd using Guid(f0de48ebd0c77214c9e20f753a86dad5) Importer(815301076,1909f56bfc062723c751e8b465ee728b)  -> (artifact id: '8671427670dd61c8050035600d6ebf5e') in 0.020434 seconds 
========================================================================
Received Import Request.
  Time since last request: 0.013916 seconds.
  path: Assets/Next-gen Camera/Textures/camera_s.psd
  artifactKey: Guid(7293f36952d6b434c8827bd59fa20ecc) Importer(815301076,1909f56bfc062723c751e8b465ee728b)
Start importing Assets/Next-gen Camera/Textures/camera_s.psd using Guid(7293f36952d6b434c8827bd59fa20ecc) Importer(815301076,1909f56bfc062723c751e8b465ee728b)  -> (artifact id: 'cb5be7947151e654aaa952ccc0fd6df1') in 0.017651 seconds 
========================================================================
Received Import Request.
  Time since last request: 0.000027 seconds.
  path: Assets/Next-gen Camera/Textures/Render Texture.renderTexture
  artifactKey: Guid(b55ff6f37a2c01a47aef3e7b492a8277) Importer(815301076,1909f56bfc062723c751e8b465ee728b)
Start importing Assets/Next-gen Camera/Textures/Render Texture.renderTexture using Guid(b55ff6f37a2c01a47aef3e7b492a8277) Importer(815301076,1909f56bfc062723c751e8b465ee728b)  -> (artifact id: '582ad7d8469d7a38bcb675c0f2b6a925') in 0.023953 seconds 
========================================================================
Received Import Request.
  Time since last request: 0.000030 seconds.
  path: Assets/Next-gen Camera/Textures/detail_mask.psd
  artifactKey: Guid(c9606ae9b7afcbc4b88e806648f7cc6f) Importer(815301076,1909f56bfc062723c751e8b465ee728b)
Start importing Assets/Next-gen Camera/Textures/detail_mask.psd using Guid(c9606ae9b7afcbc4b88e806648f7cc6f) Importer(815301076,1909f56bfc062723c751e8b465ee728b)  -> (artifact id: '89af05e02fe61e0620655ea64a660fad') in 0.016201 seconds 
Editor requested this worker to shutdown with reason: Scaling down because of idle timeout
AssetImportWorker is now disconnected from the server
Process exiting
Exiting without the bug reporter. Application will terminate with return code 0