Using pre-set license
Built from '2021.3/staging' branch; Version is '2021.3.9f1 (ad3870b89536) revision 11352176'; Using compiler version '192829333'; Build Type 'Release'
OS: 'Windows 10  (10.0.19044) 64bit Enterprise' Language: 'ko' Physical Memory: 16315 MB
BatchMode: 1, IsHumanControllingUs: 0, StartBugReporterOnCrash: 0, Is64bit: 1, IsPro: 1

COMMAND LINE ARGUMENTS:
C:\Program Files\Unity\Hub\Editor\2021.3.9f1\Editor\Unity.exe
-adb2
-batchMode
-noUpm
-name
AssetImportWorker5
-projectPath
C:/Users/multicampus/Desktop/SDC/S07P31B306/Unity/SDC_Unity
-logFile
Logs/AssetImportWorker5.log
-srvPort
63923
Successfully changed project path to: C:/Users/multicampus/Desktop/SDC/S07P31B306/Unity/SDC_Unity
C:/Users/multicampus/Desktop/SDC/S07P31B306/Unity/SDC_Unity
[UnityMemory] Configuration Parameters - Can be set up in boot.config
    "memorysetup-bucket-allocator-granularity=16"
    "memorysetup-bucket-allocator-bucket-count=8"
    "memorysetup-bucket-allocator-block-size=33554432"
    "memorysetup-bucket-allocator-block-count=8"
    "memorysetup-main-allocator-block-size=16777216"
    "memorysetup-thread-allocator-block-size=16777216"
    "memorysetup-gfx-main-allocator-block-size=16777216"
    "memorysetup-gfx-thread-allocator-block-size=16777216"
    "memorysetup-cache-allocator-block-size=4194304"
    "memorysetup-typetree-allocator-block-size=2097152"
    "memorysetup-profiler-bucket-allocator-granularity=16"
    "memorysetup-profiler-bucket-allocator-bucket-count=8"
    "memorysetup-profiler-bucket-allocator-block-size=33554432"
    "memorysetup-profiler-bucket-allocator-block-count=8"
    "memorysetup-profiler-allocator-block-size=16777216"
    "memorysetup-profiler-editor-allocator-block-size=1048576"
    "memorysetup-temp-allocator-size-main=16777216"
    "memorysetup-job-temp-allocator-block-size=2097152"
    "memorysetup-job-temp-allocator-block-size-background=1048576"
    "memorysetup-job-temp-allocator-reduction-small-platforms=262144"
    "memorysetup-temp-allocator-size-background-worker=32768"
    "memorysetup-temp-allocator-size-job-worker=262144"
    "memorysetup-temp-allocator-size-preload-manager=33554432"
    "memorysetup-temp-allocator-size-nav-mesh-worker=65536"
    "memorysetup-temp-allocator-size-audio-worker=65536"
    "memorysetup-temp-allocator-size-cloud-worker=32768"
    "memorysetup-temp-allocator-size-gi-baking-worker=262144"
    "memorysetup-temp-allocator-size-gfx=262144"
Refreshing native plugins compatible for Editor in 80.36 ms, found 3 plugins.
Preloading 0 native plugins for Editor in 0.00 ms.
Initialize engine version: 2021.3.9f1 (ad3870b89536)
[Subsystems] Discovering subsystems at path C:/Program Files/Unity/Hub/Editor/2021.3.9f1/Editor/Data/Resources/UnitySubsystems
[Subsystems] Discovering subsystems at path C:/Users/multicampus/Desktop/SDC/S07P31B306/Unity/SDC_Unity/Assets
GfxDevice: creating device client; threaded=0; jobified=0
Direct3D:
    Version:  Direct3D 11.0 [level 11.1]
    Renderer: NVIDIA GeForce RTX 2060 (ID=0x1f51)
    Vendor:   NVIDIA
    VRAM:     5980 MB
    Driver:   27.21.14.5167
Initialize mono
Mono path[0] = 'C:/Program Files/Unity/Hub/Editor/2021.3.9f1/Editor/Data/Managed'
Mono path[1] = 'C:/Program Files/Unity/Hub/Editor/2021.3.9f1/Editor/Data/MonoBleedingEdge/lib/mono/unityjit-win32'
Mono config path = 'C:/Program Files/Unity/Hub/Editor/2021.3.9f1/Editor/Data/MonoBleedingEdge/etc'
Using monoOptions --debugger-agent=transport=dt_socket,embedding=1,server=y,suspend=n,address=127.0.0.1:56688
Begin MonoManager ReloadAssembly
Registering precompiled unity dll's ...
Register platform support module: C:/Program Files/Unity/Hub/Editor/2021.3.9f1/Editor/Data/PlaybackEngines/WindowsStandaloneSupport/UnityEditor.WindowsStandalone.Extensions.dll
Registered in 0.005219 seconds.
Native extension for WindowsStandalone target not found
Refreshing native plugins compatible for Editor in 88.47 ms, found 3 plugins.
Preloading 0 native plugins for Editor in 0.00 ms.
Mono: successfully reloaded assembly
- Completed reload, in  0.685 seconds
Domain Reload Profiling:
	ReloadAssembly (685ms)
		BeginReloadAssembly (94ms)
			ExecutionOrderSort (0ms)
			DisableScriptedObjects (0ms)
			BackupInstance (0ms)
			ReleaseScriptingObjects (0ms)
			CreateAndSetChildDomain (1ms)
		EndReloadAssembly (488ms)
			LoadAssemblies (92ms)
			RebuildTransferFunctionScriptingTraits (0ms)
			SetupTypeCache (113ms)
			ReleaseScriptCaches (0ms)
			RebuildScriptCaches (31ms)
			SetupLoadedEditorAssemblies (289ms)
				LogAssemblyErrors (0ms)
				InitializePlatformSupportModulesInManaged (7ms)
				SetLoadedEditorAssemblies (0ms)
				RefreshPlugins (89ms)
				BeforeProcessingInitializeOnLoad (1ms)
				ProcessInitializeOnLoadAttributes (137ms)
				ProcessInitializeOnLoadMethodAttributes (55ms)
				AfterProcessingInitializeOnLoad (0ms)
				EditorAssembliesLoaded (0ms)
			ExecutionOrderSort2 (0ms)
			AwakeInstancesAfterBackupRestoration (0ms)
Platform modules already initialized, skipping
Registering precompiled user dll's ...
Registered in 0.005994 seconds.
Begin MonoManager ReloadAssembly
Symbol file LoadedFromMemory doesn't match image C:\Users\multicampus\Desktop\SDC\S07P31B306\Unity\SDC_Unity\Library\PackageCache\com.unity.visualscripting@1.7.8\Editor\VisualScripting.Core\Dependencies\YamlDotNet\Unity.VisualScripting.YamlDotNet.dll
Symbol file LoadedFromMemory doesn't match image C:\Users\multicampus\Desktop\SDC\S07P31B306\Unity\SDC_Unity\Library\PackageCache\com.unity.visualscripting@1.7.8\Editor\VisualScripting.Core\Dependencies\DotNetZip\Unity.VisualScripting.IonicZip.dll
Native extension for WindowsStandalone target not found
Refreshing native plugins compatible for Editor in 0.50 ms, found 3 plugins.
Preloading 0 native plugins for Editor in 0.00 ms.
Mono: successfully reloaded assembly
- Completed reload, in  0.978 seconds
Domain Reload Profiling:
	ReloadAssembly (979ms)
		BeginReloadAssembly (113ms)
			ExecutionOrderSort (0ms)
			DisableScriptedObjects (6ms)
			BackupInstance (0ms)
			ReleaseScriptingObjects (0ms)
			CreateAndSetChildDomain (17ms)
		EndReloadAssembly (747ms)
			LoadAssemblies (86ms)
			RebuildTransferFunctionScriptingTraits (0ms)
			SetupTypeCache (256ms)
			ReleaseScriptCaches (1ms)
			RebuildScriptCaches (46ms)
			SetupLoadedEditorAssemblies (335ms)
				LogAssemblyErrors (0ms)
				InitializePlatformSupportModulesInManaged (5ms)
				SetLoadedEditorAssemblies (0ms)
				RefreshPlugins (1ms)
				BeforeProcessingInitializeOnLoad (76ms)
				ProcessInitializeOnLoadAttributes (219ms)
				ProcessInitializeOnLoadMethodAttributes (29ms)
				AfterProcessingInitializeOnLoad (5ms)
				EditorAssembliesLoaded (0ms)
			ExecutionOrderSort2 (0ms)
			AwakeInstancesAfterBackupRestoration (6ms)
Platform modules already initialized, skipping
========================================================================
Worker process is ready to serve import requests
Launched and connected shader compiler UnityShaderCompiler.exe after 0.04 seconds
Refreshing native plugins compatible for Editor in 0.94 ms, found 3 plugins.
Preloading 0 native plugins for Editor in 0.00 ms.
Unloading 3382 Unused Serialized files (Serialized files now loaded: 0)
Unloading 25 unused Assets / (55.4 KB). Loaded Objects now: 3842.
Memory consumption went from 116.5 MB to 116.5 MB.
Total: 4.140000 ms (FindLiveObjects: 0.284600 ms CreateObjectMapping: 0.187600 ms MarkObjects: 3.587000 ms  DeleteObjects: 0.079600 ms)

AssetImportParameters requested are different than current active one (requested -> active):
  custom:video-decoder-ogg-theora: a1e56fd34408186e4bbccfd4996cb3dc -> 
  custom:container-muxer-webm: aa71ff27fc2769a1b78a27578f13a17b -> 
  custom:container-demuxer-webm: 4f35f7cbe854078d1ac9338744f61a02 -> 
  custom:video-encoder-webm-vp8: eb34c28f22e8b96e1ab97ce403110664 -> 
  custom:audio-encoder-webm-vorbis: bf7c407c2cedff20999df2af8eb42d56 -> 
  custom:framework-win-MediaFoundation: 216162199b28c13a410421893ffa2e32 -> 
  custom:container-demuxer-ogg: 62fdf1f143b41e24485cea50d1cbac27 -> 
  custom:video-decoder-webm-vp8: 9c59270c3fd7afecdb556c50c9e8de78 -> 
  custom:audio-decoder-ogg-vorbis: bf7c407c2cedff20999df2af8eb42d56 -> 
========================================================================
Received Import Request.
  Time since last request: 1075038.835624 seconds.
  path: Assets/LowPolyOfficeProps_LITE/Prefabs/CellPhone.prefab
  artifactKey: Guid(bd7dac146a034144fb4a57250777c4d9) Importer(815301076,1909f56bfc062723c751e8b465ee728b)
Start importing Assets/LowPolyOfficeProps_LITE/Prefabs/CellPhone.prefab using Guid(bd7dac146a034144fb4a57250777c4d9) Importer(815301076,1909f56bfc062723c751e8b465ee728b)  -> (artifact id: '0c5a5e07f76fe487423f6cfd42037c82') in 0.407003 seconds 
========================================================================
Received Import Request.
  Time since last request: 0.000028 seconds.
  path: Assets/LowPolyOfficeProps_LITE/Prefabs/Chair_Conference_Teal.prefab
  artifactKey: Guid(c0ceea3170ebaca40b64c2630442a89d) Importer(815301076,1909f56bfc062723c751e8b465ee728b)
Start importing Assets/LowPolyOfficeProps_LITE/Prefabs/Chair_Conference_Teal.prefab using Guid(c0ceea3170ebaca40b64c2630442a89d) Importer(815301076,1909f56bfc062723c751e8b465ee728b)  -> (artifact id: '5f7be3afe96477864611e04d2d87d9cf') in 0.018707 seconds 
========================================================================
Received Import Request.
  Time since last request: 0.000034 seconds.
  path: Assets/LowPolyOfficeProps_LITE/Prefabs/Chair_Conference_Purple.prefab
  artifactKey: Guid(c42b35532e0b3ca428d6923660102d7c) Importer(815301076,1909f56bfc062723c751e8b465ee728b)
Start importing Assets/LowPolyOfficeProps_LITE/Prefabs/Chair_Conference_Purple.prefab using Guid(c42b35532e0b3ca428d6923660102d7c) Importer(815301076,1909f56bfc062723c751e8b465ee728b)  -> (artifact id: 'b6a0a894007c6fbe203badafc91e3b6a') in 0.016858 seconds 
========================================================================
Received Import Request.
  Time since last request: 0.000028 seconds.
  path: Assets/LowPolyOfficeProps_LITE/Prefabs/Chair_DeskChair_Olive.prefab
  artifactKey: Guid(4559f4ce49fdc20499383a1c582501e6) Importer(815301076,1909f56bfc062723c751e8b465ee728b)
Start importing Assets/LowPolyOfficeProps_LITE/Prefabs/Chair_DeskChair_Olive.prefab using Guid(4559f4ce49fdc20499383a1c582501e6) Importer(815301076,1909f56bfc062723c751e8b465ee728b)  -> (artifact id: '47ef75e1417e3fc5f852376443dcef7a') in 0.016994 seconds 
========================================================================
Received Import Request.
  Time since last request: 0.000031 seconds.
  path: Assets/LowPolyOfficeProps_LITE/Prefabs/Chair_Conference_Red.prefab
  artifactKey: Guid(bc0122c4f4cf45141b4325e217b4288f) Importer(815301076,1909f56bfc062723c751e8b465ee728b)
Start importing Assets/LowPolyOfficeProps_LITE/Prefabs/Chair_Conference_Red.prefab using Guid(bc0122c4f4cf45141b4325e217b4288f) Importer(815301076,1909f56bfc062723c751e8b465ee728b)  -> (artifact id: 'a7003acde024c92b5f3c236837d9d80d') in 0.024869 seconds 
========================================================================
Received Import Request.
  Time since last request: 0.000026 seconds.
  path: Assets/LowPolyOfficeProps_LITE/Prefabs/Chair_Conference_Turquoise.prefab
  artifactKey: Guid(b54ade383d0758b43b6e719ba435b430) Importer(815301076,1909f56bfc062723c751e8b465ee728b)
Start importing Assets/LowPolyOfficeProps_LITE/Prefabs/Chair_Conference_Turquoise.prefab using Guid(b54ade383d0758b43b6e719ba435b430) Importer(815301076,1909f56bfc062723c751e8b465ee728b)  -> (artifact id: 'e4128f27e78e1f3550382cc5afa7b9f8') in 0.017692 seconds 
========================================================================
Received Import Request.
  Time since last request: 1.967608 seconds.
  path: Assets/LowPolyOfficeProps_LITE/Prefabs/Chair_DeskChair_Red.prefab
  artifactKey: Guid(1df03b106f100cd419dc3c0a744d2bb9) Importer(815301076,1909f56bfc062723c751e8b465ee728b)
Start importing Assets/LowPolyOfficeProps_LITE/Prefabs/Chair_DeskChair_Red.prefab using Guid(1df03b106f100cd419dc3c0a744d2bb9) Importer(815301076,1909f56bfc062723c751e8b465ee728b)  -> (artifact id: '133e6138c5254fafc463f45999901daf') in 0.013714 seconds 
========================================================================
Received Import Request.
  Time since last request: 0.000018 seconds.
  path: Assets/LowPolyOfficeProps_LITE/Prefabs/Chair_DeskChair_Teal.prefab
  artifactKey: Guid(fcd02a61a397a6b45b32df5833bdbe6d) Importer(815301076,1909f56bfc062723c751e8b465ee728b)
Start importing Assets/LowPolyOfficeProps_LITE/Prefabs/Chair_DeskChair_Teal.prefab using Guid(fcd02a61a397a6b45b32df5833bdbe6d) Importer(815301076,1909f56bfc062723c751e8b465ee728b)  -> (artifact id: 'f91bc3a577a7f1d653993d9d4af3658e') in 0.012113 seconds 
========================================================================
Received Import Request.
  Time since last request: 0.025160 seconds.
  path: Assets/LowPolyOfficeProps_LITE/Prefabs/Chair_Office.prefab
  artifactKey: Guid(2ff7704997af3ca468ea39420cfd35ec) Importer(815301076,1909f56bfc062723c751e8b465ee728b)
Start importing Assets/LowPolyOfficeProps_LITE/Prefabs/Chair_Office.prefab using Guid(2ff7704997af3ca468ea39420cfd35ec) Importer(815301076,1909f56bfc062723c751e8b465ee728b)  -> (artifact id: 'eefcc871c5c733587f215f5d8d384468') in 0.014260 seconds 
========================================================================
Received Import Request.
  Time since last request: 0.000021 seconds.
  path: Assets/LowPolyOfficeProps_LITE/Prefabs/Chair_Office_Green.prefab
  artifactKey: Guid(3c4892661a827e04a97474743a73c0b8) Importer(815301076,1909f56bfc062723c751e8b465ee728b)
Start importing Assets/LowPolyOfficeProps_LITE/Prefabs/Chair_Office_Green.prefab using Guid(3c4892661a827e04a97474743a73c0b8) Importer(815301076,1909f56bfc062723c751e8b465ee728b)  -> (artifact id: 'a76edabda7a9066badbb4a34414636e0') in 0.013579 seconds 
========================================================================
Received Import Request.
  Time since last request: 0.133443 seconds.
  path: Assets/LowPolyOfficeProps_LITE/Prefabs/Chair_Office_Red.prefab
  artifactKey: Guid(2ba61ae89b603e04384293242684b09e) Importer(815301076,1909f56bfc062723c751e8b465ee728b)
Start importing Assets/LowPolyOfficeProps_LITE/Prefabs/Chair_Office_Red.prefab using Guid(2ba61ae89b603e04384293242684b09e) Importer(815301076,1909f56bfc062723c751e8b465ee728b)  -> (artifact id: 'eaf5ba4f212455cc2fa9e6849dad7027') in 0.022248 seconds 
========================================================================
Received Import Request.
  Time since last request: 0.000021 seconds.
  path: Assets/LowPolyOfficeProps_LITE/Prefabs/Chair_Office_Turquoise.prefab
  artifactKey: Guid(4e57406919c506c42a59b989fd5d8c4d) Importer(815301076,1909f56bfc062723c751e8b465ee728b)
Start importing Assets/LowPolyOfficeProps_LITE/Prefabs/Chair_Office_Turquoise.prefab using Guid(4e57406919c506c42a59b989fd5d8c4d) Importer(815301076,1909f56bfc062723c751e8b465ee728b)  -> (artifact id: '489c55f525813cff0c0f882cd09046d9') in 0.012906 seconds 
========================================================================
Received Import Request.
  Time since last request: 9.057662 seconds.
  path: Assets/LowPolyOfficeProps_LITE/Prefabs/FilingCabinet_DrawerKeyLock.prefab
  artifactKey: Guid(3639bf5810525ab4fa32d65d1b6323a9) Importer(815301076,1909f56bfc062723c751e8b465ee728b)
Start importing Assets/LowPolyOfficeProps_LITE/Prefabs/FilingCabinet_DrawerKeyLock.prefab using Guid(3639bf5810525ab4fa32d65d1b6323a9) Importer(815301076,1909f56bfc062723c751e8b465ee728b)  -> (artifact id: '99bf947cf79f50506b10729874ccfe5f') in 0.020184 seconds 
========================================================================
Received Import Request.
  Time since last request: 6.251389 seconds.
  path: Assets/LowPolyOfficeProps_LITE/Meshes/Chair_Conference.fbx
  artifactKey: Guid(32d2b5fb7e61de84195cafe92d39b3ad) Importer(815301076,1909f56bfc062723c751e8b465ee728b)
Start importing Assets/LowPolyOfficeProps_LITE/Meshes/Chair_Conference.fbx using Guid(32d2b5fb7e61de84195cafe92d39b3ad) Importer(815301076,1909f56bfc062723c751e8b465ee728b)  -> (artifact id: 'de2a58d32ecfb55d2051aebc72f72a80') in 0.043937 seconds 
========================================================================
Received Import Request.
  Time since last request: 0.000018 seconds.
  path: Assets/LowPolyOfficeProps_LITE/Meshes/Chair_Conference_Olive.fbx
  artifactKey: Guid(539c862eca68e7944b36a400327dbdfe) Importer(815301076,1909f56bfc062723c751e8b465ee728b)
Start importing Assets/LowPolyOfficeProps_LITE/Meshes/Chair_Conference_Olive.fbx using Guid(539c862eca68e7944b36a400327dbdfe) Importer(815301076,1909f56bfc062723c751e8b465ee728b)  -> (artifact id: '9d814170e7c52336b4e6082f014f893f') in 0.017680 seconds 
========================================================================
Received Import Request.
  Time since last request: 0.000022 seconds.
  path: Assets/LowPolyOfficeProps_LITE/Meshes/Chair_DeskChair_Green.fbx
  artifactKey: Guid(6d832bf52eee2ba45bcaa8a4d367f5a8) Importer(815301076,1909f56bfc062723c751e8b465ee728b)
Start importing Assets/LowPolyOfficeProps_LITE/Meshes/Chair_DeskChair_Green.fbx using Guid(6d832bf52eee2ba45bcaa8a4d367f5a8) Importer(815301076,1909f56bfc062723c751e8b465ee728b)  -> (artifact id: '7c3902b3b86bc664250c8b1ae83d6d9c') in 0.039566 seconds 
========================================================================
Received Import Request.
  Time since last request: 2.611617 seconds.
  path: Assets/LowPolyOfficeProps_LITE/Materials/PlainMaterial.mat
  artifactKey: Guid(6f8cb0cd933f38245891b18b44b6c61c) Importer(815301076,1909f56bfc062723c751e8b465ee728b)
Start importing Assets/LowPolyOfficeProps_LITE/Materials/PlainMaterial.mat using Guid(6f8cb0cd933f38245891b18b44b6c61c) Importer(815301076,1909f56bfc062723c751e8b465ee728b)  -> (artifact id: 'ca523d55264d86935d17efbb883e95aa') in 0.047175 seconds 
Editor requested this worker to shutdown with reason: Scaling down because of idle timeout
AssetImportWorker is now disconnected from the server
Process exiting
Exiting without the bug reporter. Application will terminate with return code 0